Modifying modelsim.ini

Model Technology ModelSim SE-64 vlog 10.1c Compiler 2012.07 Jul 27 2012
-- Compiling module BLKMEMDP_V6_1
-- Compiling module DIST_MEM_GEN_V7_1_XST
-- Compiling module DIST_MEM_GEN_V7_1
-- Compiling module BLKMEMDP_V6_0
-- Compiling module DIST_MEM_GEN_V3_4_XST
-- Compiling module DIST_MEM_GEN_V3_4
-- Compiling module DIST_MEM_GEN_V3_3
-- Compiling module DIST_MEM_GEN_V3_2
-- Compiling module BLKMEMSP_V4_0
-- Compiling module DIST_MEM_GEN_V3_1
-- Compiling module FIFO_GENERATOR_V8_5_XST
-- Compiling module FIFO_GENERATOR_V8_5
-- Compiling module FIFO_GENERATOR_V8_5_CONV_VER
-- Compiling module fifo_generator_v8_5_sync_stage
-- Compiling module fifo_generator_v8_5_bhv_ver_as
-- Compiling module fifo_generator_v8_5_beh_ver_ll_afifo
-- Compiling module fifo_generator_v8_5_bhv_ver_ss
-- Compiling module fifo_generator_v8_5_bhv_ver_preload0
-- Compiling module fifo_generator_v8_5_axic_reg_slice
-- Compiling module FIFO_GENERATOR_V8_4_XST
-- Compiling module FIFO_GENERATOR_V8_4
-- Compiling module FIFO_GENERATOR_V8_4_CONV_VER
-- Compiling module fifo_generator_v8_4_sync_stage
-- Compiling module fifo_generator_v8_4_bhv_ver_as
-- Compiling module fifo_generator_v8_4_beh_ver_ll_afifo
-- Compiling module fifo_generator_v8_4_bhv_ver_ss
-- Compiling module fifo_generator_v8_4_bhv_ver_preload0
-- Compiling module fifo_generator_v8_4_axic_reg_slice
-- Compiling module FIFO_GENERATOR_V8_3
-- Compiling module FIFO_GENERATOR_V8_3_CONV_VER
-- Compiling module fifo_generator_v8_3_bhv_ver_as
-- Compiling module fifo_generator_v8_3_beh_ver_ll_afifo
-- Compiling module fifo_generator_v8_3_bhv_ver_ss
-- Compiling module fifo_generator_v8_3_bhv_ver_preload0
-- Compiling module fifo_generator_v8_3_axic_reg_slice
-- Compiling module FIFO_GENERATOR_V8_3_XST
-- Compiling module FIFO_GENERATOR_V8_2
-- Compiling module FIFO_GENERATOR_V8_2_CONV_VER
-- Compiling module fifo_generator_v8_2_bhv_ver_as
-- Compiling module fifo_generator_v8_2_beh_ver_ll_afifo
-- Compiling module fifo_generator_v8_2_bhv_ver_ss
-- Compiling module fifo_generator_v8_2_bhv_ver_preload0
-- Compiling module fifo_generator_v8_2_axic_reg_slice
-- Compiling module FIFO_GENERATOR_V8_2_XST
-- Compiling module FIFO_GENERATOR_V8_1_XST
-- Compiling module FIFO_GENERATOR_V8_1
-- Compiling module FIFO_GENERATOR_V8_1_CONV_VER
-- Compiling module fifo_generator_v8_1_bhv_ver_as
-- Compiling module fifo_generator_v8_1_beh_ver_ll_afifo
-- Compiling module fifo_generator_v8_1_bhv_ver_ss
-- Compiling module fifo_generator_v8_1_bhv_ver_preload0
-- Compiling module fifo_gen_axic_reg_slice
-- Compiling module BLK_MEM_GEN_V6_4_xst
-- Compiling module STATE_LOGIC_V6_4
-- Compiling module beh_vlog_muxf7_V6_4
-- Compiling module beh_vlog_ff_clr_V6_4
-- Compiling module beh_vlog_ff_pre_V6_4
-- Compiling module beh_vlog_ff_ce_clr_V6_4
-- Compiling module write_netlist_V6_4
-- Compiling module read_netlist_V6_4
-- Compiling module blk_mem_axi_write_wrapper_beh_V6_4
-- Compiling module blk_mem_axi_read_wrapper_beh_V6_4
-- Compiling module blk_mem_axi_regs_fwd_v6_4
-- Compiling module BLK_MEM_GEN_V6_4_output_stage
-- Compiling module BLK_MEM_GEN_V6_4_softecc_output_reg_stage
-- Compiling module BLK_MEM_GEN_V6_4_mem_module
-- Compiling module BLK_MEM_GEN_V6_4
-- Compiling module FIFO_GENERATOR_V4_4_XST
-- Compiling module FIFO_GENERATOR_V4_4
-- Compiling module fifo_generator_v4_4_bhv_ver_as
-- Compiling module fifo_generator_v4_4_bhv_ver_ss
-- Compiling module fifo_generator_v4_4_bhv_ver_preload0
-- Compiling module STATE_LOGIC_V6_3
-- Compiling module beh_vlog_muxf7_V6_3
-- Compiling module beh_vlog_ff_clr_V6_3
-- Compiling module beh_vlog_ff_pre_V6_3
-- Compiling module beh_vlog_ff_ce_clr_V6_3
-- Compiling module write_netlist_V6_3
-- Compiling module read_netlist_V6_3
-- Compiling module blk_mem_axi_write_wrapper_beh_V6_3
-- Compiling module blk_mem_axi_read_wrapper_beh_V6_3
-- Compiling module blk_mem_axi_regs_fwd_v6_3
-- Compiling module BLK_MEM_GEN_V6_3_output_stage
-- Compiling module BLK_MEM_GEN_V6_3_softecc_output_reg_stage
-- Compiling module BLK_MEM_GEN_V6_3_mem_module
-- Compiling module BLK_MEM_GEN_V6_3
-- Compiling module BLK_MEM_GEN_V6_3_xst
-- Compiling module BLK_MEM_GEN_V2_7_output_stage
-- Compiling module BLK_MEM_GEN_V2_7
-- Compiling module BLK_MEM_GEN_V2_7_xst
-- Compiling module FIFO_GENERATOR_V4_3
-- Compiling module fifo_generator_v4_3_bhv_ver_as
-- Compiling module fifo_generator_v4_3_bhv_ver_ss
-- Compiling module fifo_generator_v4_3_bhv_ver_preload0
-- Compiling module FIFO_GENERATOR_V4_3_XST
-- Compiling module STATE_LOGIC_V6_2
-- Compiling module beh_vlog_muxf7_V6_2
-- Compiling module beh_vlog_ff_clr_V6_2
-- Compiling module beh_vlog_ff_pre_V6_2
-- Compiling module beh_vlog_ff_ce_clr_V6_2
-- Compiling module write_netlist_V6_2
-- Compiling module read_netlist_V6_2
-- Compiling module blk_mem_axi_write_wrapper_beh_V6_2
-- Compiling module blk_mem_axi_read_wrapper_beh_V6_2
-- Compiling module blk_mem_axi_regs_fwd
-- Compiling module BLK_MEM_GEN_V6_2_output_stage
-- Compiling module BLK_MEM_GEN_V6_2_softecc_output_reg_stage
-- Compiling module BLK_MEM_GEN_V6_2_mem_module
-- Compiling module BLK_MEM_GEN_V6_2
-- Compiling module BLK_MEM_GEN_V6_2_xst
-- Compiling module BLK_MEM_GEN_V2_6_output_stage
-- Compiling module BLK_MEM_GEN_V2_6
-- Compiling module BLK_MEM_GEN_V2_6_xst
-- Compiling module BLK_MEM_GEN_V6_1_xst
-- Compiling module STATE_LOGIC
-- Compiling module beh_vlog_muxf7
-- Compiling module beh_vlog_ff_clr
-- Compiling module beh_vlog_ff_pre
-- Compiling module beh_vlog_ff_ce_clr
-- Compiling module write_netlist
-- Compiling module read_netlist
-- Compiling module blk_mem_axi_write_wrapper_beh_v
-- Compiling module blk_mem_axi_read_wrapper_beh_v
-- Compiling module BLK_MEM_GEN_V6_1_output_stage
-- Compiling module BLK_MEM_GEN_V6_1_softecc_output_reg_stage
-- Compiling module BLK_MEM_GEN_V6_1_mem_module
-- Compiling module BLK_MEM_GEN_V6_1
-- Compiling module BLK_MEM_GEN_V2_5_xst
-- Compiling module BLK_MEM_GEN_V2_5_output_stage
-- Compiling module BLK_MEM_GEN_V2_5
-- Compiling module BLK_MEM_GEN_V2_4_xst
-- Compiling module BLK_MEM_GEN_V2_4_output_stage
-- Compiling module BLK_MEM_GEN_V2_4
-- Compiling module DIST_MEM_GEN_V6_4
-- Compiling module DIST_MEM_GEN_V6_4_XST
-- Compiling module BLK_MEM_GEN_V2_2_output_stage
-- Compiling module BLK_MEM_GEN_V2_2
-- Compiling module BLK_MEM_GEN_V2_2_xst
-- Compiling module C_TWOS_COMP_V4_0
-- Compiling module C_REG_FD_V4_0
-- Compiling module C_COMPARE_V4_0
-- Compiling module C_MUX_SLICE_BUFE_V4_0
-- Compiling module PIPELINE_V4_0
-- Compiling module C_REG_LD_V4_0
-- Compiling module C_GATE_BIT_V4_0
-- Compiling module C_MUX_BIT_V4_0
-- Compiling module C_ACCUM_V4_0
-- Compiling module C_COUNTER_BINARY_V4_0
-- Compiling module C_SHIFT_FD_V4_0
-- Compiling module C_DECODE_BINARY_V4_0
-- Compiling module C_GATE_BIT_BUS_V4_0
-- Compiling module C_MUX_SLICE_BUFT_V4_0
-- Compiling module C_GATE_BUS_V4_0
-- Compiling module C_MUX_BUS_V4_0
-- Compiling module C_SHIFT_RAM_V4_0
-- Compiling module C_ADDSUB_V4_0
-- Compiling module DIST_MEM_GEN_V6_3
-- Compiling module DIST_MEM_GEN_V6_3_XST
-- Compiling module BLK_MEM_GEN_V2_1_xst
-- Compiling module BLK_MEM_GEN_V2_1_output_stage
-- Compiling module BLK_MEM_GEN_V2_1
-- Compiling module DIST_MEM_GEN_V6_2_XST
-- Compiling module DIST_MEM_GEN_V6_2
-- Compiling module DIST_MEM_GEN_V6_1_XST
-- Compiling module DIST_MEM_GEN_V6_1
-- Compiling module MULT_GEN_V7_0
-- Compiling module MULT_GEN_V7_0_NON_SEQ
-- Compiling module MULT_GEN_V7_0_SEQ
-- Compiling module BLKMEMDP_V5_0
-- Compiling module family
-- Compiling module C_DIST_MEM_V7_1
-- Compiling module FIFO_GENERATOR_V7_3
-- Compiling module FIFO_GENERATOR_V7_3_CONV_VER
-- Compiling module fifo_generator_v7_3_bhv_ver_as
-- Compiling module fifo_generator_v7_3_bhv_ver_ss
-- Compiling module fifo_generator_v7_3_bhv_ver_preload0
-- Compiling module FIFO_GENERATOR_V7_3_XST
-- Compiling module C_DIST_MEM_V7_0
-- Compiling module FIFO_GENERATOR_V7_2_XST
-- Compiling module FIFO_GENERATOR_V7_2
-- Compiling module FIFO_GENERATOR_V7_2_CONV_VER
-- Compiling module fifo_generator_v7_2_bhv_ver_as
-- Compiling module fifo_generator_v7_2_bhv_ver_ss
-- Compiling module fifo_generator_v7_2_bhv_ver_preload0
-- Compiling module FIFO_GENERATOR_V3_3
-- Compiling module fifo_generator_v3_3_bhv_ver_as
-- Compiling module fifo_generator_v3_3_bhv_ver_ss
-- Compiling module fifo_generator_v3_3_bhv_ver_preload0
-- Compiling module FIFO_GENERATOR_V3_3_XST
-- Compiling module BLK_MEM_GEN_V5_2_xst
-- Compiling module BLK_MEM_GEN_V5_2_output_stage
-- Compiling module BLK_MEM_GEN_V5_2_softecc_output_reg_stage
-- Compiling module BLK_MEM_GEN_V5_2_mem_module
-- Compiling module BLK_MEM_GEN_V5_2
-- Compiling module C_SHIFT_FD_V7_0
-- Compiling module C_DECODE_BINARY_V7_0
-- Compiling module C_GATE_BIT_BUS_V7_0
-- Compiling module C_MUX_SLICE_BUFT_V7_0
-- Compiling module C_GATE_BUS_V7_0
-- Compiling module C_MUX_BUS_V7_0
-- Compiling module C_SHIFT_RAM_V7_0
-- Compiling module C_ADDSUB_V7_0
-- Compiling module C_TWOS_COMP_V7_0
-- Compiling module C_REG_FD_V7_0
-- Compiling module C_COMPARE_V7_0
-- Compiling module C_MUX_SLICE_BUFE_V7_0
-- Compiling module PIPELINE_V7_0
-- Compiling module C_REG_LD_V7_0
-- Compiling module C_GATE_BIT_V7_0
-- Compiling module C_MUX_BIT_V7_0
-- Compiling module C_ACCUM_V7_0
-- Compiling module C_COUNTER_BINARY_V7_0
-- Compiling module ASYNC_FIFO_V5_1
-- Compiling module BLKMEMSP_V6_2
-- Compiling module BLKMEMSP_V6_0
-- Compiling module DIST_MEM_GEN_V5_1
-- Compiling module DIST_MEM_GEN_V5_1_XST
-- Compiling module MULT_GEN_V6_0
-- Compiling module MULT_GEN_V6_0_NON_SEQ
-- Compiling module MULT_GEN_V6_0_SEQ
-- Compiling module BLKMEMDP_V4_0
-- Compiling module C_DIST_MEM_V6_0
-- Compiling module FIFO_GENERATOR_V6_2_XST
-- Compiling module FIFO_GENERATOR_V6_2
-- Compiling module fifo_generator_v6_2_bhv_ver_as
-- Compiling module fifo_generator_v6_2_bhv_ver_ss
-- Compiling module fifo_generator_v6_2_bhv_ver_preload0
-- Compiling module FIFO_GENERATOR_V6_1
-- Compiling module fifo_generator_v6_1_bhv_ver_as
-- Compiling module fifo_generator_v6_1_bhv_ver_ss
-- Compiling module fifo_generator_v6_1_bhv_ver_preload0
-- Compiling module FIFO_GENERATOR_V6_1_XST
-- Compiling module BLK_MEM_GEN_V4_3_xst
-- Compiling module BLK_MEM_GEN_V4_3_output_stage
-- Compiling module BLK_MEM_GEN_V4_3_softecc_output_reg_stage
-- Compiling module BLK_MEM_GEN_V4_3_mem_module
-- Compiling module BLK_MEM_GEN_V4_3
-- Compiling module BLK_MEM_GEN_V4_2_xst
-- Compiling module BLK_MEM_GEN_V4_2_output_stage
-- Compiling module BLK_MEM_GEN_V4_2_softecc_output_reg_stage
-- Compiling module BLK_MEM_GEN_V4_2_mem_module
-- Compiling module BLK_MEM_GEN_V4_2
-- Compiling module C_TWOS_COMP_V6_0
-- Compiling module C_REG_FD_V6_0
-- Compiling module C_COMPARE_V6_0
-- Compiling module C_MUX_SLICE_BUFE_V6_0
-- Compiling module PIPELINE_V6_0
-- Compiling module C_REG_LD_V6_0
-- Compiling module C_GATE_BIT_V6_0
-- Compiling module C_MUX_BIT_V6_0
-- Compiling module C_ACCUM_V6_0
-- Compiling module C_COUNTER_BINARY_V6_0
-- Compiling module C_SHIFT_FD_V6_0
-- Compiling module C_DECODE_BINARY_V6_0
-- Compiling module C_GATE_BIT_BUS_V6_0
-- Compiling module C_MUX_SLICE_BUFT_V6_0
-- Compiling module C_GATE_BUS_V6_0
-- Compiling module C_MUX_BUS_V6_0
-- Compiling module C_SHIFT_RAM_V6_0
-- Compiling module C_ADDSUB_V6_0
-- Compiling module BLK_MEM_GEN_V4_1_output_stage
-- Compiling module BLK_MEM_GEN_V4_1_softecc_output_reg_stage
-- Compiling module BLK_MEM_GEN_V4_1_mem_module
-- Compiling module BLK_MEM_GEN_V4_1
-- Compiling module BLK_MEM_GEN_V4_1_xst
-- Compiling module SYNC_FIFO_V5_0
-- Compiling module MEM_BLK_V5_0
-- Compiling module DIST_MEM_GEN_V4_3_XST
-- Compiling module DIST_MEM_GEN_V4_3
-- Compiling module DIST_MEM_GEN_V4_2
-- Compiling module DIST_MEM_GEN_V4_2_XST
-- Compiling module BLKMEMSP_V5_0
-- Compiling module DIST_MEM_GEN_V4_1
-- Compiling module DIST_MEM_GEN_V4_1_XST
-- Compiling module FIFO_GENERATOR_V9_3_XST
-- Compiling module FIFO_GENERATOR_V9_3
-- Compiling module FIFO_GENERATOR_V9_3_CONV_VER
-- Compiling module fifo_generator_v9_3_sync_stage
-- Compiling module fifo_generator_v9_3_bhv_ver_as
-- Compiling module fifo_generator_v9_3_beh_ver_ll_afifo
-- Compiling module fifo_generator_v9_3_bhv_ver_ss
-- Compiling module fifo_generator_v9_3_bhv_ver_preload0
-- Compiling module fifo_generator_v9_3_axic_reg_slice
-- Compiling module FIFO_GENERATOR_V9_2
-- Compiling module FIFO_GENERATOR_V9_2_CONV_VER
-- Compiling module fifo_generator_v9_2_sync_stage
-- Compiling module fifo_generator_v9_2_bhv_ver_as
-- Compiling module fifo_generator_v9_2_beh_ver_ll_afifo
-- Compiling module fifo_generator_v9_2_bhv_ver_ss
-- Compiling module fifo_generator_v9_2_bhv_ver_preload0
-- Compiling module fifo_generator_v9_2_axic_reg_slice
-- Compiling module FIFO_GENERATOR_V9_2_XST
-- Compiling module FIFO_GENERATOR_V9_1
-- Compiling module FIFO_GENERATOR_V9_1_CONV_VER
-- Compiling module fifo_generator_v9_1_sync_stage
-- Compiling module fifo_generator_v9_1_bhv_ver_as
-- Compiling module fifo_generator_v9_1_beh_ver_ll_afifo
-- Compiling module fifo_generator_v9_1_bhv_ver_ss
-- Compiling module fifo_generator_v9_1_bhv_ver_preload0
-- Compiling module fifo_generator_v9_1_axic_reg_slice
-- Compiling module FIFO_GENERATOR_V9_1_XST
-- Compiling module BLK_MEM_GEN_V7_3_xst
-- Compiling module STATE_LOGIC_V7_3
-- Compiling module beh_vlog_muxf7_V7_3
-- Compiling module beh_vlog_ff_clr_V7_3
-- Compiling module beh_vlog_ff_pre_V7_3
-- Compiling module beh_vlog_ff_ce_clr_V7_3
-- Compiling module write_netlist_V7_3
-- Compiling module read_netlist_V7_3
-- Compiling module blk_mem_axi_write_wrapper_beh_V7_3
-- Compiling module blk_mem_axi_read_wrapper_beh_V7_3
-- Compiling module blk_mem_axi_regs_fwd_v7_3
-- Compiling module BLK_MEM_GEN_V7_3_output_stage
-- Compiling module BLK_MEM_GEN_V7_3_softecc_output_reg_stage
-- Compiling module BLK_MEM_GEN_V7_3_mem_module
-- Compiling module BLK_MEM_GEN_V7_3
-- Compiling module FIFO_GENERATOR_V5_3_XST
-- Compiling module FIFO_GENERATOR_V5_3
-- Compiling module fifo_generator_v5_3_bhv_ver_as
-- Compiling module fifo_generator_v5_3_bhv_ver_ss
-- Compiling module fifo_generator_v5_3_bhv_ver_preload0
-- Compiling module STATE_LOGIC_V7_2
-- Compiling module beh_vlog_muxf7_V7_2
-- Compiling module beh_vlog_ff_clr_V7_2
-- Compiling module beh_vlog_ff_pre_V7_2
-- Compiling module beh_vlog_ff_ce_clr_V7_2
-- Compiling module write_netlist_V7_2
-- Compiling module read_netlist_V7_2
-- Compiling module blk_mem_axi_write_wrapper_beh_V7_2
-- Compiling module blk_mem_axi_read_wrapper_beh_V7_2
-- Compiling module blk_mem_axi_regs_fwd_v7_2
-- Compiling module BLK_MEM_GEN_V7_2_output_stage
-- Compiling module BLK_MEM_GEN_V7_2_softecc_output_reg_stage
-- Compiling module BLK_MEM_GEN_V7_2_mem_module
-- Compiling module BLK_MEM_GEN_V7_2
-- Compiling module BLK_MEM_GEN_V7_2_xst
-- Compiling module C_DIST_MEM_V5_0
-- Compiling module FIFO_GENERATOR_V5_2
-- Compiling module fifo_generator_v5_2_bhv_ver_as
-- Compiling module fifo_generator_v5_2_bhv_ver_ss
-- Compiling module fifo_generator_v5_2_bhv_ver_preload0
-- Compiling module FIFO_GENERATOR_V5_2_XST
-- Compiling module STATE_LOGIC_V7_1
-- Compiling module beh_vlog_muxf7_V7_1
-- Compiling module beh_vlog_ff_clr_V7_1
-- Compiling module beh_vlog_ff_pre_V7_1
-- Compiling module beh_vlog_ff_ce_clr_V7_1
-- Compiling module write_netlist_V7_1
-- Compiling module read_netlist_V7_1
-- Compiling module blk_mem_axi_write_wrapper_beh_V7_1
-- Compiling module blk_mem_axi_read_wrapper_beh_V7_1
-- Compiling module blk_mem_axi_regs_fwd_v7_1
-- Compiling module BLK_MEM_GEN_V7_1_output_stage
-- Compiling module BLK_MEM_GEN_V7_1_softecc_output_reg_stage
-- Compiling module BLK_MEM_GEN_V7_1_mem_module
-- Compiling module BLK_MEM_GEN_V7_1
-- Compiling module BLK_MEM_GEN_V7_1_xst
-- Compiling module FIFO_GENERATOR_V5_1
-- Compiling module fifo_generator_v5_1_bhv_ver_as
-- Compiling module fifo_generator_v5_1_bhv_ver_ss
-- Compiling module fifo_generator_v5_1_bhv_ver_preload0
-- Compiling module FIFO_GENERATOR_V5_1_XST
-- Compiling module BLK_MEM_GEN_V3_3_xst
-- Compiling module BLK_MEM_GEN_V3_3_output_stage
-- Compiling module BLK_MEM_GEN_V3_3
-- Compiling module BLKMEMDP_V6_3
-- Compiling module BLK_MEM_GEN_V3_2_output_stage
-- Compiling module BLK_MEM_GEN_V3_2
-- Compiling module BLK_MEM_GEN_V3_2_xst
-- Compiling module C_MUX_SLICE_BUFT_V5_0
-- Compiling module C_GATE_BUS_V5_0
-- Compiling module C_ACCUM_V5_1
-- Compiling module C_MUX_BUS_V5_0
-- Compiling module C_SHIFT_RAM_V5_0
-- Compiling module C_ADDSUB_V5_0
-- Compiling module C_TWOS_COMP_V5_0
-- Compiling module C_REG_FD_V5_0
-- Compiling module C_COMPARE_V5_0
-- Compiling module C_MUX_SLICE_BUFE_V5_0
-- Compiling module PIPELINE_V5_0
-- Compiling module C_REG_LD_V5_0
-- Compiling module C_GATE_BIT_V5_0
-- Compiling module C_MUX_BIT_V5_0
-- Compiling module C_ACCUM_V5_0
-- Compiling module C_COUNTER_BINARY_V5_0
-- Compiling module C_SHIFT_FD_V5_0
-- Compiling module C_GATE_BIT_BUS_V5_0
-- Compiling module C_DECODE_BINARY_V5_0
-- Compiling module BLKMEMDP_V6_2
-- Compiling module BLK_MEM_GEN_V3_1_output_stage
-- Compiling module BLK_MEM_GEN_V3_1
-- Compiling module BLK_MEM_GEN_V3_1_xst
-- Compiling module DIST_MEM_GEN_V7_2
-- Compiling module DIST_MEM_GEN_V7_2_XST
-- Compiling module C_DA_FIR_V7_0
-- Compiling module C_DA_FIR_V9_0
** Warning: D:\SoftwareTools\Xilinx\14.7\ISE_DS\ISE\verilog\src\XilinxCoreLib\C_DA_FIR_V9_0.v(191): (vlog-2263) Redefinition of macro: MAX_NUMBER_SAMPLES.

Top level modules:
	BLKMEMDP_V6_1
	DIST_MEM_GEN_V7_1_XST
	BLKMEMDP_V6_0
	DIST_MEM_GEN_V3_4_XST
	DIST_MEM_GEN_V3_3
	DIST_MEM_GEN_V3_2
	BLKMEMSP_V4_0
	DIST_MEM_GEN_V3_1
	FIFO_GENERATOR_V8_5_XST
	FIFO_GENERATOR_V8_4_XST
	FIFO_GENERATOR_V8_3_XST
	FIFO_GENERATOR_V8_2_XST
	FIFO_GENERATOR_V8_1_XST
	BLK_MEM_GEN_V6_4_xst
	FIFO_GENERATOR_V4_4_XST
	BLK_MEM_GEN_V6_3_xst
	BLK_MEM_GEN_V2_7_xst
	FIFO_GENERATOR_V4_3_XST
	BLK_MEM_GEN_V6_2_xst
	BLK_MEM_GEN_V2_6_xst
	BLK_MEM_GEN_V6_1_xst
	BLK_MEM_GEN_V2_5_xst
	BLK_MEM_GEN_V2_4_xst
	DIST_MEM_GEN_V6_4_XST
	BLK_MEM_GEN_V2_2_xst
	C_TWOS_COMP_V4_0
	C_MUX_SLICE_BUFE_V4_0
	PIPELINE_V4_0
	C_REG_LD_V4_0
	C_GATE_BIT_V4_0
	C_ACCUM_V4_0
	C_COUNTER_BINARY_V4_0
	C_SHIFT_FD_V4_0
	C_DECODE_BINARY_V4_0
	C_GATE_BIT_BUS_V4_0
	C_MUX_SLICE_BUFT_V4_0
	C_GATE_BUS_V4_0
	C_SHIFT_RAM_V4_0
	DIST_MEM_GEN_V6_3_XST
	BLK_MEM_GEN_V2_1_xst
	DIST_MEM_GEN_V6_2_XST
	DIST_MEM_GEN_V6_1_XST
	MULT_GEN_V7_0
	BLKMEMDP_V5_0
	family
	C_DIST_MEM_V7_1
	FIFO_GENERATOR_V7_3_XST
	C_DIST_MEM_V7_0
	FIFO_GENERATOR_V7_2_XST
	FIFO_GENERATOR_V3_3_XST
	BLK_MEM_GEN_V5_2_xst
	C_SHIFT_FD_V7_0
	C_DECODE_BINARY_V7_0
	C_GATE_BIT_BUS_V7_0
	C_MUX_SLICE_BUFT_V7_0
	C_GATE_BUS_V7_0
	C_SHIFT_RAM_V7_0
	C_TWOS_COMP_V7_0
	C_MUX_SLICE_BUFE_V7_0
	PIPELINE_V7_0
	C_REG_LD_V7_0
	C_GATE_BIT_V7_0
	C_ACCUM_V7_0
	C_COUNTER_BINARY_V7_0
	ASYNC_FIFO_V5_1
	BLKMEMSP_V6_2
	BLKMEMSP_V6_0
	DIST_MEM_GEN_V5_1_XST
	MULT_GEN_V6_0
	BLKMEMDP_V4_0
	C_DIST_MEM_V6_0
	FIFO_GENERATOR_V6_2_XST
	FIFO_GENERATOR_V6_1_XST
	BLK_MEM_GEN_V4_3_xst
	BLK_MEM_GEN_V4_2_xst
	C_TWOS_COMP_V6_0
	C_MUX_SLICE_BUFE_V6_0
	PIPELINE_V6_0
	C_REG_LD_V6_0
	C_GATE_BIT_V6_0
	C_ACCUM_V6_0
	C_COUNTER_BINARY_V6_0
	C_SHIFT_FD_V6_0
	C_DECODE_BINARY_V6_0
	C_GATE_BIT_BUS_V6_0
	C_MUX_SLICE_BUFT_V6_0
	C_GATE_BUS_V6_0
	C_SHIFT_RAM_V6_0
	BLK_MEM_GEN_V4_1_xst
	SYNC_FIFO_V5_0
	DIST_MEM_GEN_V4_3_XST
	DIST_MEM_GEN_V4_2_XST
	BLKMEMSP_V5_0
	DIST_MEM_GEN_V4_1_XST
	FIFO_GENERATOR_V9_3_XST
	FIFO_GENERATOR_V9_2_XST
	FIFO_GENERATOR_V9_1_XST
	BLK_MEM_GEN_V7_3_xst
	FIFO_GENERATOR_V5_3_XST
	BLK_MEM_GEN_V7_2_xst
	C_DIST_MEM_V5_0
	FIFO_GENERATOR_V5_2_XST
	BLK_MEM_GEN_V7_1_xst
	FIFO_GENERATOR_V5_1_XST
	BLK_MEM_GEN_V3_3_xst
	BLKMEMDP_V6_3
	BLK_MEM_GEN_V3_2_xst
	C_MUX_SLICE_BUFT_V5_0
	C_GATE_BUS_V5_0
	C_ACCUM_V5_1
	C_SHIFT_RAM_V5_0
	C_TWOS_COMP_V5_0
	C_MUX_SLICE_BUFE_V5_0
	PIPELINE_V5_0
	C_REG_LD_V5_0
	C_GATE_BIT_V5_0
	C_ACCUM_V5_0
	C_COUNTER_BINARY_V5_0
	C_SHIFT_FD_V5_0
	C_GATE_BIT_BUS_V5_0
	C_DECODE_BINARY_V5_0
	BLKMEMDP_V6_2
	BLK_MEM_GEN_V3_1_xst
	DIST_MEM_GEN_V7_2_XST
	C_DA_FIR_V7_0
	C_DA_FIR_V9_0

