Modifying modelsim.ini

Model Technology ModelSim SE-64 vlog 10.1c Compiler 2012.07 Jul 27 2012
-- Compiling module AFIFO36_INTERNAL
-- Compiling module AND2
-- Compiling module AND2B1
-- Compiling module AND2B1L
-- Compiling module AND2B2
-- Compiling module AND3
-- Compiling module AND3B1
-- Compiling module AND3B2
-- Compiling module AND3B3
-- Compiling module AND4
-- Compiling module AND4B1
-- Compiling module AND4B2
-- Compiling module AND4B3
-- Compiling module AND4B4
-- Compiling module AND5
-- Compiling module AND5B1
-- Compiling module AND5B2
-- Compiling module AND5B3
-- Compiling module AND5B4
-- Compiling module AND5B5
-- Compiling module ARAMB36_INTERNAL
-- Compiling module AUTOBUF
-- Compiling module BSCANE2
-- Compiling module BSCAN_FPGACORE
-- Compiling module BSCAN_SPARTAN3
-- Compiling module BSCAN_SPARTAN3A
-- Compiling module BSCAN_SPARTAN6
-- Compiling module BSCAN_VIRTEX4
-- Compiling module BSCAN_VIRTEX5
-- Compiling module BSCAN_VIRTEX6
-- Compiling module BUF
-- Compiling module BUFCF
-- Compiling module BUFE
-- Compiling module BUFG
-- Compiling module BUFGCE
-- Compiling module BUFGCE_1
-- Compiling module BUFGCTRL
-- Compiling module BUFGDLL
-- Compiling module BUFGMUX
-- Compiling module BUFGMUX_1
-- Compiling module BUFGMUX_CTRL
-- Compiling module BUFGMUX_VIRTEX4
-- Compiling module BUFGP
-- Compiling module BUFG_LB
-- Compiling module BUFH
-- Compiling module BUFHCE
-- Compiling module BUFIO
-- Compiling module BUFIO2
-- Compiling module BUFIO2FB
-- Compiling module BUFIO2_2CLK
-- Compiling module BUFIODQS
-- Compiling module BUFMR
-- Compiling module BUFMRCE
-- Compiling module BUFPLL
-- Compiling module BUFPLL_MCB
-- Compiling module BUFR
-- Compiling module BUFT
-- Compiling module CAPTUREE2
-- Compiling module CAPTURE_FPGACORE
-- Compiling module CAPTURE_SPARTAN3
-- Compiling module CAPTURE_SPARTAN3A
-- Compiling module CAPTURE_VIRTEX4
-- Compiling module CAPTURE_VIRTEX5
-- Compiling module CAPTURE_VIRTEX6
-- Compiling module CARRY4
-- Compiling module CFGLUT5
-- Compiling module CLKDLL
-- Compiling module clkdll_maximum_period_check
-- Compiling module CLKDLLE
-- Compiling module clkdlle_maximum_period_check
-- Compiling module CLKDLLHF
-- Compiling module clkdllhf_maximum_period_check
-- Compiling module CONFIG
-- Compiling module CRC32
-- Compiling module CRC64
-- Compiling module DCIRESET
-- Compiling module DCM
-- Compiling module dcm_clock_divide_by_2
-- Compiling module dcm_maximum_period_check
-- Compiling module dcm_clock_lost
-- Compiling module DCM_ADV
-- Compiling module dcm_adv_clock_divide_by_2
-- Compiling module dcm_adv_maximum_period_check
-- Compiling module dcm_adv_clock_lost
-- Compiling module DCM_BASE
-- Compiling module DCM_CLKGEN
-- Compiling module DCM_PS
-- Compiling module DCM_SP
-- Compiling module dcm_sp_clock_divide_by_2
-- Compiling module dcm_sp_maximum_period_check
-- Compiling module dcm_sp_clock_lost
-- Compiling module DNA_PORT
-- Compiling module DSP48
-- Compiling module DSP48A
-- Compiling module DSP48A1
-- Compiling module DSP48E
-- Compiling module DSP48E1
-- Compiling module EFUSE_USR
-- Compiling module EMAC
-- Compiling module FD
-- Compiling module FDC
-- Compiling module FDCE
-- Compiling module FDCE_1
-- Compiling module FDCP
-- Compiling module FDCPE
-- Compiling module FDCPE_1
-- Compiling module FDCP_1
-- Compiling module FDC_1
-- Compiling module FDDRCPE
-- Compiling module FDDRRSE
-- Compiling module FDE
-- Compiling module FDE_1
-- Compiling module FDP
-- Compiling module FDPE
-- Compiling module FDPE_1
-- Compiling module FDP_1
-- Compiling module FDR
-- Compiling module FDRE
-- Compiling module FDRE_1
-- Compiling module FDRS
-- Compiling module FDRSE
-- Compiling module FDRSE_1
-- Compiling module FDRS_1
-- Compiling module FDR_1
-- Compiling module FDS
-- Compiling module FDSE
-- Compiling module FDSE_1
-- Compiling module FDS_1
-- Compiling module FD_1
-- Compiling module FIFO16
-- Compiling module FIFO18
-- Compiling module FIFO18E1
-- Compiling module FF18_INTERNAL_VLOG
-- Compiling module FIFO18_36
-- Compiling module FIFO36
-- Compiling module FIFO36E1
-- Compiling module FF36_INTERNAL_VLOG
-- Compiling module FIFO36_72
-- Compiling module FIFO36_72_EXP
-- Compiling module FIFO36_EXP
-- Compiling module FMAP
-- Compiling module FRAME_ECCE2
-- Compiling module FRAME_ECC_VIRTEX4
-- Compiling module FRAME_ECC_VIRTEX5
-- Compiling module FRAME_ECC_VIRTEX6
-- Compiling module GND
-- Compiling module GT11
-- Compiling module GT11CLK
-- Compiling module GT11CLK_MGT
-- Compiling module GT11_CUSTOM
-- Compiling module GT11_DUAL
-- Compiling module GTHE1_QUAD
-- Compiling module GTHE2_CHANNEL
-- Compiling module GTHE2_COMMON
-- Compiling module GTPA1_DUAL
-- Compiling module GTPE2_CHANNEL
-- Compiling module GTPE2_COMMON
-- Compiling module GTP_DUAL
-- Compiling module GTXE1
-- Compiling module GTXE2_CHANNEL
-- Compiling module GTXE2_COMMON
-- Compiling module GTX_DUAL
-- Compiling module IBUF
-- Compiling module IBUFDS
-- Compiling module IBUFDS_BLVDS_25
-- Compiling module IBUFDS_DIFF_OUT
-- Compiling module IBUFDS_DIFF_OUT_IBUFDISABLE
-- Compiling module IBUFDS_DIFF_OUT_INTERMDISABLE
-- Compiling module IBUFDS_DLY_ADJ
-- Compiling module IBUFDS_GTE2
-- Compiling module IBUFDS_GTHE1
-- Compiling module IBUFDS_GTXE1
-- Compiling module IBUFDS_IBUFDISABLE
-- Compiling module IBUFDS_INTERMDISABLE
-- Compiling module IBUFDS_LDT_25
-- Compiling module IBUFDS_LVDSEXT_25
-- Compiling module IBUFDS_LVDSEXT_25_DCI
-- Compiling module IBUFDS_LVDSEXT_33
-- Compiling module IBUFDS_LVDSEXT_33_DCI
-- Compiling module IBUFDS_LVDS_25
-- Compiling module IBUFDS_LVDS_25_DCI
-- Compiling module IBUFDS_LVDS_33
-- Compiling module IBUFDS_LVDS_33_DCI
-- Compiling module IBUFDS_LVPECL_25
-- Compiling module IBUFDS_LVPECL_33
-- Compiling module IBUFDS_ULVDS_25
-- Compiling module IBUFG
-- Compiling module IBUFGDS
-- Compiling module IBUFGDS_BLVDS_25
-- Compiling module IBUFGDS_DIFF_OUT
-- Compiling module IBUFGDS_LDT_25
-- Compiling module IBUFGDS_LVDSEXT_25
-- Compiling module IBUFGDS_LVDSEXT_25_DCI
-- Compiling module IBUFGDS_LVDSEXT_33
-- Compiling module IBUFGDS_LVDSEXT_33_DCI
-- Compiling module IBUFGDS_LVDS_25
-- Compiling module IBUFGDS_LVDS_25_DCI
-- Compiling module IBUFGDS_LVDS_33
-- Compiling module IBUFGDS_LVDS_33_DCI
-- Compiling module IBUFGDS_LVPECL_25
-- Compiling module IBUFGDS_LVPECL_33
-- Compiling module IBUFGDS_ULVDS_25
-- Compiling module IBUFG_AGP
-- Compiling module IBUFG_CTT
-- Compiling module IBUFG_GTL
-- Compiling module IBUFG_GTLP
-- Compiling module IBUFG_GTLP_DCI
-- Compiling module IBUFG_GTL_DCI
-- Compiling module IBUFG_HSTL_I
-- Compiling module IBUFG_HSTL_II
-- Compiling module IBUFG_HSTL_III
-- Compiling module IBUFG_HSTL_III_18
-- Compiling module IBUFG_HSTL_III_DCI
-- Compiling module IBUFG_HSTL_III_DCI_18
-- Compiling module IBUFG_HSTL_II_18
-- Compiling module IBUFG_HSTL_II_DCI
-- Compiling module IBUFG_HSTL_II_DCI_18
-- Compiling module IBUFG_HSTL_IV
-- Compiling module IBUFG_HSTL_IV_18
-- Compiling module IBUFG_HSTL_IV_DCI
-- Compiling module IBUFG_HSTL_IV_DCI_18
-- Compiling module IBUFG_HSTL_I_18
-- Compiling module IBUFG_HSTL_I_DCI
-- Compiling module IBUFG_HSTL_I_DCI_18
-- Compiling module IBUFG_LVCMOS12
-- Compiling module IBUFG_LVCMOS15
-- Compiling module IBUFG_LVCMOS18
-- Compiling module IBUFG_LVCMOS2
-- Compiling module IBUFG_LVCMOS25
-- Compiling module IBUFG_LVCMOS33
-- Compiling module IBUFG_LVDCI_15
-- Compiling module IBUFG_LVDCI_18
-- Compiling module IBUFG_LVDCI_25
-- Compiling module IBUFG_LVDCI_33
-- Compiling module IBUFG_LVDCI_DV2_15
-- Compiling module IBUFG_LVDCI_DV2_18
-- Compiling module IBUFG_LVDCI_DV2_25
-- Compiling module IBUFG_LVDCI_DV2_33
-- Compiling module IBUFG_LVDS
-- Compiling module IBUFG_LVPECL
-- Compiling module IBUFG_LVTTL
-- Compiling module IBUFG_PCI33_3
-- Compiling module IBUFG_PCI33_5
-- Compiling module IBUFG_PCI66_3
-- Compiling module IBUFG_PCIX
-- Compiling module IBUFG_PCIX66_3
-- Compiling module IBUFG_SSTL18_I
-- Compiling module IBUFG_SSTL18_II
-- Compiling module IBUFG_SSTL18_II_DCI
-- Compiling module IBUFG_SSTL18_I_DCI
-- Compiling module IBUFG_SSTL2_I
-- Compiling module IBUFG_SSTL2_II
-- Compiling module IBUFG_SSTL2_II_DCI
-- Compiling module IBUFG_SSTL2_I_DCI
-- Compiling module IBUFG_SSTL3_I
-- Compiling module IBUFG_SSTL3_II
-- Compiling module IBUFG_SSTL3_II_DCI
-- Compiling module IBUFG_SSTL3_I_DCI
-- Compiling module IBUF_AGP
-- Compiling module IBUF_CTT
-- Compiling module IBUF_DLY_ADJ
-- Compiling module IBUF_GTL
-- Compiling module IBUF_GTLP
-- Compiling module IBUF_GTLP_DCI
-- Compiling module IBUF_GTL_DCI
-- Compiling module IBUF_HSTL_I
-- Compiling module IBUF_HSTL_II
-- Compiling module IBUF_HSTL_III
-- Compiling module IBUF_HSTL_III_18
-- Compiling module IBUF_HSTL_III_DCI
-- Compiling module IBUF_HSTL_III_DCI_18
-- Compiling module IBUF_HSTL_II_18
-- Compiling module IBUF_HSTL_II_DCI
-- Compiling module IBUF_HSTL_II_DCI_18
-- Compiling module IBUF_HSTL_IV
-- Compiling module IBUF_HSTL_IV_18
-- Compiling module IBUF_HSTL_IV_DCI
-- Compiling module IBUF_HSTL_IV_DCI_18
-- Compiling module IBUF_HSTL_I_18
-- Compiling module IBUF_HSTL_I_DCI
-- Compiling module IBUF_HSTL_I_DCI_18
-- Compiling module IBUF_IBUFDISABLE
-- Compiling module IBUF_INTERMDISABLE
-- Compiling module IBUF_LVCMOS12
-- Compiling module IBUF_LVCMOS15
-- Compiling module IBUF_LVCMOS18
-- Compiling module IBUF_LVCMOS2
-- Compiling module IBUF_LVCMOS25
-- Compiling module IBUF_LVCMOS33
-- Compiling module IBUF_LVDCI_15
-- Compiling module IBUF_LVDCI_18
-- Compiling module IBUF_LVDCI_25
-- Compiling module IBUF_LVDCI_33
-- Compiling module IBUF_LVDCI_DV2_15
-- Compiling module IBUF_LVDCI_DV2_18
-- Compiling module IBUF_LVDCI_DV2_25
-- Compiling module IBUF_LVDCI_DV2_33
-- Compiling module IBUF_LVDS
-- Compiling module IBUF_LVPECL
-- Compiling module IBUF_LVTTL
-- Compiling module IBUF_PCI33_3
-- Compiling module IBUF_PCI33_5
-- Compiling module IBUF_PCI66_3
-- Compiling module IBUF_PCIX
-- Compiling module IBUF_PCIX66_3
-- Compiling module IBUF_SSTL18_I
-- Compiling module IBUF_SSTL18_II
-- Compiling module IBUF_SSTL18_II_DCI
-- Compiling module IBUF_SSTL18_I_DCI
-- Compiling module IBUF_SSTL2_I
-- Compiling module IBUF_SSTL2_II
-- Compiling module IBUF_SSTL2_II_DCI
-- Compiling module IBUF_SSTL2_I_DCI
-- Compiling module IBUF_SSTL3_I
-- Compiling module IBUF_SSTL3_II
-- Compiling module IBUF_SSTL3_II_DCI
-- Compiling module IBUF_SSTL3_I_DCI
-- Compiling module ICAPE2
-- Compiling module ICAP_SPARTAN3A
-- Compiling module ICAP_SPARTAN6
-- Compiling module ICAP_VIRTEX4
-- Compiling module ICAP_VIRTEX5
-- Compiling module ICAP_VIRTEX6
-- Compiling module IDDR
-- Compiling module IDDR2
-- Compiling module IDDR_2CLK
-- Compiling module IDELAY
-- Compiling module IDELAYCTRL
-- Compiling module IDELAYE2
-- Compiling module IDELAYE2_FINEDELAY
-- Compiling module IFDDRCPE
-- Compiling module IFDDRRSE
-- Compiling module INV
-- Compiling module IN_FIFO
-- Compiling module IOBUF
-- Compiling module IOBUFDS
-- Compiling module IOBUFDS_BLVDS_25
-- Compiling module IOBUFDS_DCIEN
-- Compiling module IOBUFDS_DIFF_OUT
-- Compiling module IOBUFDS_DIFF_OUT_DCIEN
-- Compiling module IOBUFDS_DIFF_OUT_INTERMDISABLE
-- Compiling module IOBUFDS_INTERMDISABLE
-- Compiling module IOBUF_AGP
-- Compiling module IOBUF_CTT
-- Compiling module IOBUF_DCIEN
-- Compiling module IOBUF_F_12
-- Compiling module IOBUF_F_16
-- Compiling module IOBUF_F_2
-- Compiling module IOBUF_F_24
-- Compiling module IOBUF_F_4
-- Compiling module IOBUF_F_6
-- Compiling module IOBUF_F_8
-- Compiling module IOBUF_GTL
-- Compiling module IOBUF_GTLP
-- Compiling module IOBUF_GTLP_DCI
-- Compiling module IOBUF_GTL_DCI
-- Compiling module IOBUF_HSTL_I
-- Compiling module IOBUF_HSTL_II
-- Compiling module IOBUF_HSTL_III
-- Compiling module IOBUF_HSTL_III_18
-- Compiling module IOBUF_HSTL_II_18
-- Compiling module IOBUF_HSTL_II_DCI
-- Compiling module IOBUF_HSTL_II_DCI_18
-- Compiling module IOBUF_HSTL_IV
-- Compiling module IOBUF_HSTL_IV_18
-- Compiling module IOBUF_HSTL_IV_DCI
-- Compiling module IOBUF_HSTL_IV_DCI_18
-- Compiling module IOBUF_HSTL_I_18
-- Compiling module IOBUF_INTERMDISABLE
-- Compiling module IOBUF_LVCMOS12
-- Compiling module IOBUF_LVCMOS12_F_2
-- Compiling module IOBUF_LVCMOS12_F_4
-- Compiling module IOBUF_LVCMOS12_F_6
-- Compiling module IOBUF_LVCMOS12_F_8
-- Compiling module IOBUF_LVCMOS12_S_2
-- Compiling module IOBUF_LVCMOS12_S_4
-- Compiling module IOBUF_LVCMOS12_S_6
-- Compiling module IOBUF_LVCMOS12_S_8
-- Compiling module IOBUF_LVCMOS15
-- Compiling module IOBUF_LVCMOS15_F_12
-- Compiling module IOBUF_LVCMOS15_F_16
-- Compiling module IOBUF_LVCMOS15_F_2
-- Compiling module IOBUF_LVCMOS15_F_4
-- Compiling module IOBUF_LVCMOS15_F_6
-- Compiling module IOBUF_LVCMOS15_F_8
-- Compiling module IOBUF_LVCMOS15_S_12
-- Compiling module IOBUF_LVCMOS15_S_16
-- Compiling module IOBUF_LVCMOS15_S_2
-- Compiling module IOBUF_LVCMOS15_S_4
-- Compiling module IOBUF_LVCMOS15_S_6
-- Compiling module IOBUF_LVCMOS15_S_8
-- Compiling module IOBUF_LVCMOS18
-- Compiling module IOBUF_LVCMOS18_F_12
-- Compiling module IOBUF_LVCMOS18_F_16
-- Compiling module IOBUF_LVCMOS18_F_2
-- Compiling module IOBUF_LVCMOS18_F_4
-- Compiling module IOBUF_LVCMOS18_F_6
-- Compiling module IOBUF_LVCMOS18_F_8
-- Compiling module IOBUF_LVCMOS18_S_12
-- Compiling module IOBUF_LVCMOS18_S_16
-- Compiling module IOBUF_LVCMOS18_S_2
-- Compiling module IOBUF_LVCMOS18_S_4
-- Compiling module IOBUF_LVCMOS18_S_6
-- Compiling module IOBUF_LVCMOS18_S_8
-- Compiling module IOBUF_LVCMOS2
-- Compiling module IOBUF_LVCMOS25
-- Compiling module IOBUF_LVCMOS25_F_12
-- Compiling module IOBUF_LVCMOS25_F_16
-- Compiling module IOBUF_LVCMOS25_F_2
-- Compiling module IOBUF_LVCMOS25_F_24
-- Compiling module IOBUF_LVCMOS25_F_4
-- Compiling module IOBUF_LVCMOS25_F_6
-- Compiling module IOBUF_LVCMOS25_F_8
-- Compiling module IOBUF_LVCMOS25_S_12
-- Compiling module IOBUF_LVCMOS25_S_16
-- Compiling module IOBUF_LVCMOS25_S_2
-- Compiling module IOBUF_LVCMOS25_S_24
-- Compiling module IOBUF_LVCMOS25_S_4
-- Compiling module IOBUF_LVCMOS25_S_6
-- Compiling module IOBUF_LVCMOS25_S_8
-- Compiling module IOBUF_LVCMOS33
-- Compiling module IOBUF_LVCMOS33_F_12
-- Compiling module IOBUF_LVCMOS33_F_16
-- Compiling module IOBUF_LVCMOS33_F_2
-- Compiling module IOBUF_LVCMOS33_F_24
-- Compiling module IOBUF_LVCMOS33_F_4
-- Compiling module IOBUF_LVCMOS33_F_6
-- Compiling module IOBUF_LVCMOS33_F_8
-- Compiling module IOBUF_LVCMOS33_S_12
-- Compiling module IOBUF_LVCMOS33_S_16
-- Compiling module IOBUF_LVCMOS33_S_2
-- Compiling module IOBUF_LVCMOS33_S_24
-- Compiling module IOBUF_LVCMOS33_S_4
-- Compiling module IOBUF_LVCMOS33_S_6
-- Compiling module IOBUF_LVCMOS33_S_8
-- Compiling module IOBUF_LVDCI_15
-- Compiling module IOBUF_LVDCI_18
-- Compiling module IOBUF_LVDCI_25
-- Compiling module IOBUF_LVDCI_33
-- Compiling module IOBUF_LVDCI_DV2_15
-- Compiling module IOBUF_LVDCI_DV2_18
-- Compiling module IOBUF_LVDCI_DV2_25
-- Compiling module IOBUF_LVDCI_DV2_33
-- Compiling module IOBUF_LVDS
-- Compiling module IOBUF_LVPECL
-- Compiling module IOBUF_LVTTL
-- Compiling module IOBUF_LVTTL_F_12
-- Compiling module IOBUF_LVTTL_F_16
-- Compiling module IOBUF_LVTTL_F_2
-- Compiling module IOBUF_LVTTL_F_24
-- Compiling module IOBUF_LVTTL_F_4
-- Compiling module IOBUF_LVTTL_F_6
-- Compiling module IOBUF_LVTTL_F_8
-- Compiling module IOBUF_LVTTL_S_12
-- Compiling module IOBUF_LVTTL_S_16
-- Compiling module IOBUF_LVTTL_S_2
-- Compiling module IOBUF_LVTTL_S_24
-- Compiling module IOBUF_LVTTL_S_4
-- Compiling module IOBUF_LVTTL_S_6
-- Compiling module IOBUF_LVTTL_S_8
-- Compiling module IOBUF_PCI33_3
-- Compiling module IOBUF_PCI33_5
-- Compiling module IOBUF_PCI66_3
-- Compiling module IOBUF_PCIX
-- Compiling module IOBUF_PCIX66_3
-- Compiling module IOBUF_SSTL18_I
-- Compiling module IOBUF_SSTL18_II
-- Compiling module IOBUF_SSTL18_II_DCI
-- Compiling module IOBUF_SSTL2_I
-- Compiling module IOBUF_SSTL2_II
-- Compiling module IOBUF_SSTL2_II_DCI
-- Compiling module IOBUF_SSTL3_I
-- Compiling module IOBUF_SSTL3_II
-- Compiling module IOBUF_SSTL3_II_DCI
-- Compiling module IOBUF_S_12
-- Compiling module IOBUF_S_16
-- Compiling module IOBUF_S_2
-- Compiling module IOBUF_S_24
-- Compiling module IOBUF_S_4
-- Compiling module IOBUF_S_6
-- Compiling module IOBUF_S_8
-- Compiling module IODELAY
-- Compiling module IODELAY2
-- Compiling module IODELAYE1
-- Compiling module IODRP2
-- Compiling module IODRP2_MCB
-- Compiling module ISERDES
-- Compiling module ISERDES2
-- Compiling module ISERDESE1
-- Compiling module bscntrl_iserdese1_vlog
-- Compiling module ice_iserdese1_vlog
-- Compiling module ISERDESE2
-- Compiling module ISERDES_NODELAY
-- Compiling module JTAGPPC
-- Compiling module JTAGPPC440
-- Compiling module JTAG_SIME2
-- Compiling module JTAG_SIM_SPARTAN3A
-- Compiling module JTAG_SIM_SPARTAN6
-- Compiling module JTAG_SIM_VIRTEX4
-- Compiling module JTAG_SIM_VIRTEX5
-- Compiling module JTAG_SIM_VIRTEX6
-- Compiling module KEEPER
-- Compiling module KEY_CLEAR
-- Compiling module LD
-- Compiling module LDC
-- Compiling module LDCE
-- Compiling module LDCE_1
-- Compiling module LDCP
-- Compiling module LDCPE
-- Compiling module LDCPE_1
-- Compiling module LDCP_1
-- Compiling module LDC_1
-- Compiling module LDE
-- Compiling module LDE_1
-- Compiling module LDP
-- Compiling module LDPE
-- Compiling module LDPE_1
-- Compiling module LDP_1
-- Compiling module LD_1
-- Compiling module LUT1
-- Compiling module LUT1_D
-- Compiling module LUT1_L
-- Compiling module LUT2
-- Compiling module LUT2_D
-- Compiling module LUT2_L
-- Compiling module LUT3
-- Compiling module LUT3_D
-- Compiling module LUT3_L
-- Compiling module LUT4
-- Compiling module LUT4_D
-- Compiling module LUT4_L
-- Compiling module LUT5
-- Compiling module LUT5_D
-- Compiling module LUT5_L
-- Compiling module LUT6
-- Compiling module LUT6_2
-- Compiling module LUT6_D
-- Compiling module LUT6_L
-- Compiling module MCB
-- Compiling module MMCME2_ADV
-- Compiling module MMCME2_BASE
-- Compiling module MMCM_ADV
-- Compiling module MMCM_BASE
-- Compiling module MULT18X18
-- Compiling module MULT18X18S
-- Compiling module MULT18X18SIO
-- Compiling module MULT_AND
-- Compiling module MUXCY
-- Compiling module MUXCY_D
-- Compiling module MUXCY_L
-- Compiling module MUXF5
-- Compiling module MUXF5_D
-- Compiling module MUXF5_L
-- Compiling module MUXF6
-- Compiling module MUXF6_D
-- Compiling module MUXF6_L
-- Compiling module MUXF7
-- Compiling module MUXF7_D
-- Compiling module MUXF7_L
-- Compiling module MUXF8
-- Compiling module MUXF8_D
-- Compiling module MUXF8_L
-- Compiling module NAND2
-- Compiling module NAND2B1
-- Compiling module NAND2B2
-- Compiling module NAND3
-- Compiling module NAND3B1
-- Compiling module NAND3B2
-- Compiling module NAND3B3
-- Compiling module NAND4
-- Compiling module NAND4B1
-- Compiling module NAND4B2
-- Compiling module NAND4B3
-- Compiling module NAND4B4
-- Compiling module NAND5
-- Compiling module NAND5B1
-- Compiling module NAND5B2
-- Compiling module NAND5B3
-- Compiling module NAND5B4
-- Compiling module NAND5B5
-- Compiling module NOR2
-- Compiling module NOR2B1
-- Compiling module NOR2B2
-- Compiling module NOR3
-- Compiling module NOR3B1
-- Compiling module NOR3B2
-- Compiling module NOR3B3
-- Compiling module NOR4
-- Compiling module NOR4B1
-- Compiling module NOR4B2
-- Compiling module NOR4B3
-- Compiling module NOR4B4
-- Compiling module NOR5
-- Compiling module NOR5B1
-- Compiling module NOR5B2
-- Compiling module NOR5B3
-- Compiling module NOR5B4
-- Compiling module NOR5B5
-- Compiling module OBUF
-- Compiling module OBUFDS
-- Compiling module OBUFDS_BLVDS_25
-- Compiling module OBUFDS_LDT_25
-- Compiling module OBUFDS_LVDSEXT_25
-- Compiling module OBUFDS_LVDSEXT_33
-- Compiling module OBUFDS_LVDS_25
-- Compiling module OBUFDS_LVDS_33
-- Compiling module OBUFDS_LVPECL_25
-- Compiling module OBUFDS_LVPECL_33
-- Compiling module OBUFDS_ULVDS_25
-- Compiling module OBUFT
-- Compiling module OBUFTDS
-- Compiling module OBUFTDS_BLVDS_25
-- Compiling module OBUFTDS_LDT_25
-- Compiling module OBUFTDS_LVDSEXT_25
-- Compiling module OBUFTDS_LVDSEXT_33
-- Compiling module OBUFTDS_LVDS_25
-- Compiling module OBUFTDS_LVDS_33
-- Compiling module OBUFTDS_LVPECL_25
-- Compiling module OBUFTDS_LVPECL_33
-- Compiling module OBUFTDS_ULVDS_25
-- Compiling module OBUFT_AGP
-- Compiling module OBUFT_CTT
-- Compiling module OBUFT_F_12
-- Compiling module OBUFT_F_16
-- Compiling module OBUFT_F_2
-- Compiling module OBUFT_F_24
-- Compiling module OBUFT_F_4
-- Compiling module OBUFT_F_6
-- Compiling module OBUFT_F_8
-- Compiling module OBUFT_GTL
-- Compiling module OBUFT_GTLP
-- Compiling module OBUFT_GTLP_DCI
-- Compiling module OBUFT_GTL_DCI
-- Compiling module OBUFT_HSTL_I
-- Compiling module OBUFT_HSTL_II
-- Compiling module OBUFT_HSTL_III
-- Compiling module OBUFT_HSTL_III_18
-- Compiling module OBUFT_HSTL_III_DCI
-- Compiling module OBUFT_HSTL_III_DCI_18
-- Compiling module OBUFT_HSTL_II_18
-- Compiling module OBUFT_HSTL_II_DCI
-- Compiling module OBUFT_HSTL_II_DCI_18
-- Compiling module OBUFT_HSTL_IV
-- Compiling module OBUFT_HSTL_IV_18
-- Compiling module OBUFT_HSTL_IV_DCI
-- Compiling module OBUFT_HSTL_IV_DCI_18
-- Compiling module OBUFT_HSTL_I_18
-- Compiling module OBUFT_HSTL_I_DCI
-- Compiling module OBUFT_HSTL_I_DCI_18
-- Compiling module OBUFT_LVCMOS12
-- Compiling module OBUFT_LVCMOS12_F_2
-- Compiling module OBUFT_LVCMOS12_F_4
-- Compiling module OBUFT_LVCMOS12_F_6
-- Compiling module OBUFT_LVCMOS12_F_8
-- Compiling module OBUFT_LVCMOS12_S_2
-- Compiling module OBUFT_LVCMOS12_S_4
-- Compiling module OBUFT_LVCMOS12_S_6
-- Compiling module OBUFT_LVCMOS12_S_8
-- Compiling module OBUFT_LVCMOS15
-- Compiling module OBUFT_LVCMOS15_F_12
-- Compiling module OBUFT_LVCMOS15_F_16
-- Compiling module OBUFT_LVCMOS15_F_2
-- Compiling module OBUFT_LVCMOS15_F_4
-- Compiling module OBUFT_LVCMOS15_F_6
-- Compiling module OBUFT_LVCMOS15_F_8
-- Compiling module OBUFT_LVCMOS15_S_12
-- Compiling module OBUFT_LVCMOS15_S_16
-- Compiling module OBUFT_LVCMOS15_S_2
-- Compiling module OBUFT_LVCMOS15_S_4
-- Compiling module OBUFT_LVCMOS15_S_6
-- Compiling module OBUFT_LVCMOS15_S_8
-- Compiling module OBUFT_LVCMOS18
-- Compiling module OBUFT_LVCMOS18_F_12
-- Compiling module OBUFT_LVCMOS18_F_16
-- Compiling module OBUFT_LVCMOS18_F_2
-- Compiling module OBUFT_LVCMOS18_F_4
-- Compiling module OBUFT_LVCMOS18_F_6
-- Compiling module OBUFT_LVCMOS18_F_8
-- Compiling module OBUFT_LVCMOS18_S_12
-- Compiling module OBUFT_LVCMOS18_S_16
-- Compiling module OBUFT_LVCMOS18_S_2
-- Compiling module OBUFT_LVCMOS18_S_4
-- Compiling module OBUFT_LVCMOS18_S_6
-- Compiling module OBUFT_LVCMOS18_S_8
-- Compiling module OBUFT_LVCMOS2
-- Compiling module OBUFT_LVCMOS25
-- Compiling module OBUFT_LVCMOS25_F_12
-- Compiling module OBUFT_LVCMOS25_F_16
-- Compiling module OBUFT_LVCMOS25_F_2
-- Compiling module OBUFT_LVCMOS25_F_24
-- Compiling module OBUFT_LVCMOS25_F_4
-- Compiling module OBUFT_LVCMOS25_F_6
-- Compiling module OBUFT_LVCMOS25_F_8
-- Compiling module OBUFT_LVCMOS25_S_12
-- Compiling module OBUFT_LVCMOS25_S_16
-- Compiling module OBUFT_LVCMOS25_S_2
-- Compiling module OBUFT_LVCMOS25_S_24
-- Compiling module OBUFT_LVCMOS25_S_4
-- Compiling module OBUFT_LVCMOS25_S_6
-- Compiling module OBUFT_LVCMOS25_S_8
-- Compiling module OBUFT_LVCMOS33
-- Compiling module OBUFT_LVCMOS33_F_12
-- Compiling module OBUFT_LVCMOS33_F_16
-- Compiling module OBUFT_LVCMOS33_F_2
-- Compiling module OBUFT_LVCMOS33_F_24
-- Compiling module OBUFT_LVCMOS33_F_4
-- Compiling module OBUFT_LVCMOS33_F_6
-- Compiling module OBUFT_LVCMOS33_F_8
-- Compiling module OBUFT_LVCMOS33_S_12
-- Compiling module OBUFT_LVCMOS33_S_16
-- Compiling module OBUFT_LVCMOS33_S_2
-- Compiling module OBUFT_LVCMOS33_S_24
-- Compiling module OBUFT_LVCMOS33_S_4
-- Compiling module OBUFT_LVCMOS33_S_6
-- Compiling module OBUFT_LVCMOS33_S_8
-- Compiling module OBUFT_LVDCI_15
-- Compiling module OBUFT_LVDCI_18
-- Compiling module OBUFT_LVDCI_25
-- Compiling module OBUFT_LVDCI_33
-- Compiling module OBUFT_LVDCI_DV2_15
-- Compiling module OBUFT_LVDCI_DV2_18
-- Compiling module OBUFT_LVDCI_DV2_25
-- Compiling module OBUFT_LVDCI_DV2_33
-- Compiling module OBUFT_LVDS
-- Compiling module OBUFT_LVPECL
-- Compiling module OBUFT_LVTTL
-- Compiling module OBUFT_LVTTL_F_12
-- Compiling module OBUFT_LVTTL_F_16
-- Compiling module OBUFT_LVTTL_F_2
-- Compiling module OBUFT_LVTTL_F_24
-- Compiling module OBUFT_LVTTL_F_4
-- Compiling module OBUFT_LVTTL_F_6
-- Compiling module OBUFT_LVTTL_F_8
-- Compiling module OBUFT_LVTTL_S_12
-- Compiling module OBUFT_LVTTL_S_16
-- Compiling module OBUFT_LVTTL_S_2
-- Compiling module OBUFT_LVTTL_S_24
-- Compiling module OBUFT_LVTTL_S_4
-- Compiling module OBUFT_LVTTL_S_6
-- Compiling module OBUFT_LVTTL_S_8
-- Compiling module OBUFT_PCI33_3
-- Compiling module OBUFT_PCI33_5
-- Compiling module OBUFT_PCI66_3
-- Compiling module OBUFT_PCIX
-- Compiling module OBUFT_PCIX66_3
-- Compiling module OBUFT_SSTL18_I
-- Compiling module OBUFT_SSTL18_II
-- Compiling module OBUFT_SSTL18_II_DCI
-- Compiling module OBUFT_SSTL18_I_DCI
-- Compiling module OBUFT_SSTL2_I
-- Compiling module OBUFT_SSTL2_II
-- Compiling module OBUFT_SSTL2_II_DCI
-- Compiling module OBUFT_SSTL2_I_DCI
-- Compiling module OBUFT_SSTL3_I
-- Compiling module OBUFT_SSTL3_II
-- Compiling module OBUFT_SSTL3_II_DCI
-- Compiling module OBUFT_SSTL3_I_DCI
-- Compiling module OBUFT_S_12
-- Compiling module OBUFT_S_16
-- Compiling module OBUFT_S_2
-- Compiling module OBUFT_S_24
-- Compiling module OBUFT_S_4
-- Compiling module OBUFT_S_6
-- Compiling module OBUFT_S_8
-- Compiling module OBUF_AGP
-- Compiling module OBUF_CTT
-- Compiling module OBUF_F_12
-- Compiling module OBUF_F_16
-- Compiling module OBUF_F_2
-- Compiling module OBUF_F_24
-- Compiling module OBUF_F_4
-- Compiling module OBUF_F_6
-- Compiling module OBUF_F_8
-- Compiling module OBUF_GTL
-- Compiling module OBUF_GTLP
-- Compiling module OBUF_GTLP_DCI
-- Compiling module OBUF_GTL_DCI
-- Compiling module OBUF_HSTL_I
-- Compiling module OBUF_HSTL_II
-- Compiling module OBUF_HSTL_III
-- Compiling module OBUF_HSTL_III_18
-- Compiling module OBUF_HSTL_III_DCI
-- Compiling module OBUF_HSTL_III_DCI_18
-- Compiling module OBUF_HSTL_II_18
-- Compiling module OBUF_HSTL_II_DCI
-- Compiling module OBUF_HSTL_II_DCI_18
-- Compiling module OBUF_HSTL_IV
-- Compiling module OBUF_HSTL_IV_18
-- Compiling module OBUF_HSTL_IV_DCI
-- Compiling module OBUF_HSTL_IV_DCI_18
-- Compiling module OBUF_HSTL_I_18
-- Compiling module OBUF_HSTL_I_DCI
-- Compiling module OBUF_HSTL_I_DCI_18
-- Compiling module OBUF_LVCMOS12
-- Compiling module OBUF_LVCMOS12_F_2
-- Compiling module OBUF_LVCMOS12_F_4
-- Compiling module OBUF_LVCMOS12_F_6
-- Compiling module OBUF_LVCMOS12_F_8
-- Compiling module OBUF_LVCMOS12_S_2
-- Compiling module OBUF_LVCMOS12_S_4
-- Compiling module OBUF_LVCMOS12_S_6
-- Compiling module OBUF_LVCMOS12_S_8
-- Compiling module OBUF_LVCMOS15
-- Compiling module OBUF_LVCMOS15_F_12
-- Compiling module OBUF_LVCMOS15_F_16
-- Compiling module OBUF_LVCMOS15_F_2
-- Compiling module OBUF_LVCMOS15_F_4
-- Compiling module OBUF_LVCMOS15_F_6
-- Compiling module OBUF_LVCMOS15_F_8
-- Compiling module OBUF_LVCMOS15_S_12
-- Compiling module OBUF_LVCMOS15_S_16
-- Compiling module OBUF_LVCMOS15_S_2
-- Compiling module OBUF_LVCMOS15_S_4
-- Compiling module OBUF_LVCMOS15_S_6
-- Compiling module OBUF_LVCMOS15_S_8
-- Compiling module OBUF_LVCMOS18
-- Compiling module OBUF_LVCMOS18_F_12
-- Compiling module OBUF_LVCMOS18_F_16
-- Compiling module OBUF_LVCMOS18_F_2
-- Compiling module OBUF_LVCMOS18_F_4
-- Compiling module OBUF_LVCMOS18_F_6
-- Compiling module OBUF_LVCMOS18_F_8
-- Compiling module OBUF_LVCMOS18_S_12
-- Compiling module OBUF_LVCMOS18_S_16
-- Compiling module OBUF_LVCMOS18_S_2
-- Compiling module OBUF_LVCMOS18_S_4
-- Compiling module OBUF_LVCMOS18_S_6
-- Compiling module OBUF_LVCMOS18_S_8
-- Compiling module OBUF_LVCMOS2
-- Compiling module OBUF_LVCMOS25
-- Compiling module OBUF_LVCMOS25_F_12
-- Compiling module OBUF_LVCMOS25_F_16
-- Compiling module OBUF_LVCMOS25_F_2
-- Compiling module OBUF_LVCMOS25_F_24
-- Compiling module OBUF_LVCMOS25_F_4
-- Compiling module OBUF_LVCMOS25_F_6
-- Compiling module OBUF_LVCMOS25_F_8
-- Compiling module OBUF_LVCMOS25_S_12
-- Compiling module OBUF_LVCMOS25_S_16
-- Compiling module OBUF_LVCMOS25_S_2
-- Compiling module OBUF_LVCMOS25_S_24
-- Compiling module OBUF_LVCMOS25_S_4
-- Compiling module OBUF_LVCMOS25_S_6
-- Compiling module OBUF_LVCMOS25_S_8
-- Compiling module OBUF_LVCMOS33
-- Compiling module OBUF_LVCMOS33_F_12
-- Compiling module OBUF_LVCMOS33_F_16
-- Compiling module OBUF_LVCMOS33_F_2
-- Compiling module OBUF_LVCMOS33_F_24
-- Compiling module OBUF_LVCMOS33_F_4
-- Compiling module OBUF_LVCMOS33_F_6
-- Compiling module OBUF_LVCMOS33_F_8
-- Compiling module OBUF_LVCMOS33_S_12
-- Compiling module OBUF_LVCMOS33_S_16
-- Compiling module OBUF_LVCMOS33_S_2
-- Compiling module OBUF_LVCMOS33_S_24
-- Compiling module OBUF_LVCMOS33_S_4
-- Compiling module OBUF_LVCMOS33_S_6
-- Compiling module OBUF_LVCMOS33_S_8
-- Compiling module OBUF_LVDCI_15
-- Compiling module OBUF_LVDCI_18
-- Compiling module OBUF_LVDCI_25
-- Compiling module OBUF_LVDCI_33
-- Compiling module OBUF_LVDCI_DV2_15
-- Compiling module OBUF_LVDCI_DV2_18
-- Compiling module OBUF_LVDCI_DV2_25
-- Compiling module OBUF_LVDCI_DV2_33
-- Compiling module OBUF_LVDS
-- Compiling module OBUF_LVPECL
-- Compiling module OBUF_LVTTL
-- Compiling module OBUF_LVTTL_F_12
-- Compiling module OBUF_LVTTL_F_16
-- Compiling module OBUF_LVTTL_F_2
-- Compiling module OBUF_LVTTL_F_24
-- Compiling module OBUF_LVTTL_F_4
-- Compiling module OBUF_LVTTL_F_6
-- Compiling module OBUF_LVTTL_F_8
-- Compiling module OBUF_LVTTL_S_12
-- Compiling module OBUF_LVTTL_S_16
-- Compiling module OBUF_LVTTL_S_2
-- Compiling module OBUF_LVTTL_S_24
-- Compiling module OBUF_LVTTL_S_4
-- Compiling module OBUF_LVTTL_S_6
-- Compiling module OBUF_LVTTL_S_8
-- Compiling module OBUF_PCI33_3
-- Compiling module OBUF_PCI33_5
-- Compiling module OBUF_PCI66_3
-- Compiling module OBUF_PCIX
-- Compiling module OBUF_PCIX66_3
-- Compiling module OBUF_SSTL18_I
-- Compiling module OBUF_SSTL18_II
-- Compiling module OBUF_SSTL18_II_DCI
-- Compiling module OBUF_SSTL18_I_DCI
-- Compiling module OBUF_SSTL2_I
-- Compiling module OBUF_SSTL2_II
-- Compiling module OBUF_SSTL2_II_DCI
-- Compiling module OBUF_SSTL2_I_DCI
-- Compiling module OBUF_SSTL3_I
-- Compiling module OBUF_SSTL3_II
-- Compiling module OBUF_SSTL3_II_DCI
-- Compiling module OBUF_SSTL3_I_DCI
-- Compiling module OBUF_S_12
-- Compiling module OBUF_S_16
-- Compiling module OBUF_S_2
-- Compiling module OBUF_S_24
-- Compiling module OBUF_S_4
-- Compiling module OBUF_S_6
-- Compiling module OBUF_S_8
-- Compiling module ODDR
-- Compiling module ODDR2
-- Compiling module ODELAYE2
-- Compiling module ODELAYE2_FINEDELAY
-- Compiling module OFDDRCPE
-- Compiling module OFDDRRSE
-- Compiling module OFDDRTCPE
-- Compiling module OFDDRTRSE
-- Compiling module OR2
-- Compiling module OR2B1
-- Compiling module OR2B2
-- Compiling module OR2L
-- Compiling module OR3
-- Compiling module OR3B1
-- Compiling module OR3B2
-- Compiling module OR3B3
-- Compiling module OR4
-- Compiling module OR4B1
-- Compiling module OR4B2
-- Compiling module OR4B3
-- Compiling module OR4B4
-- Compiling module OR5
-- Compiling module OR5B1
-- Compiling module OR5B2
-- Compiling module OR5B3
-- Compiling module OR5B4
-- Compiling module OR5B5
-- Compiling module ORCY
-- Compiling module OSERDES
-- Compiling module OSERDES2
-- Compiling module OSERDESE1
-- Compiling module selfheal_oserdese1_vlog
-- Compiling module plg_oserdese1_vlog
-- Compiling module rank12d_oserdese1_vlog
-- Compiling module trif_oserdese1_vlog
-- Compiling module txbuffer_oserdese1_vlog
-- Compiling module fifo_tdpipe_oserdese1_vlog
-- Compiling module fifo_reset_oserdese1_vlog
-- Compiling module fifo_addr_oserdese1_vlog
-- Compiling module iodlyctrl_npre_oserdese1_vlog
-- Compiling module dout_oserdese1_vlog
-- Compiling module tout_oserdese1_vlog
-- Compiling module OSERDESE2
-- Compiling module OUT_FIFO
-- Compiling module PCIE_2_0
-- Compiling module PCIE_2_1
-- Compiling module PCIE_3_0
-- Compiling module PCIE_A1
-- Compiling module PCIE_EP
-- Compiling module PCIE_INTERNAL_1_1
-- Compiling module PHASER_IN
-- Compiling module PHASER_IN_PHY
-- Compiling module PHASER_OUT
-- Compiling module PHASER_OUT_PHY
-- Compiling module PHASER_REF
-- Compiling module PHY_CONTROL
-- Compiling module PLLE2_ADV
-- Compiling module PLLE2_BASE
-- Compiling module PLL_ADV
-- Compiling module PLL_BASE
-- Compiling module PMCD
-- Compiling module POST_CRC_INTERNAL
-- Compiling module PPC405_ADV
-- Compiling module FPGA_startup_VIRTEX4
-- Compiling module PPC440
-- Compiling module PS7
-- Compiling module PULLDOWN
-- Compiling module PULLUP
-- Compiling module RAM128X1D
-- Compiling module RAM128X1S
-- Compiling module RAM128X1S_1
-- Compiling module RAM16X1D
-- Compiling module RAM16X1D_1
-- Compiling module RAM16X1S
-- Compiling module RAM16X1S_1
-- Compiling module RAM16X2S
-- Compiling module RAM16X4S
-- Compiling module RAM16X8S
-- Compiling module RAM256X1S
-- Compiling module RAM32M
-- Compiling module RAM32X1D
-- Compiling module RAM32X1D_1
-- Compiling module RAM32X1S
-- Compiling module RAM32X1S_1
-- Compiling module RAM32X2S
-- Compiling module RAM32X4S
-- Compiling module RAM32X8S
-- Compiling module RAM64M
-- Compiling module RAM64X1D
-- Compiling module RAM64X1D_1
-- Compiling module RAM64X1S
-- Compiling module RAM64X1S_1
-- Compiling module RAM64X2S
-- Compiling module RAMB16
-- Compiling module RAMB16BWE
-- Compiling module RAMB16BWER
-- Compiling module RAMB16BWE_S18
-- Compiling module RAMB16BWE_S18_S18
-- Compiling module RAMB16BWE_S18_S9
-- Compiling module RAMB16BWE_S36
-- Compiling module RAMB16BWE_S36_S18
-- Compiling module RAMB16BWE_S36_S36
-- Compiling module RAMB16BWE_S36_S9
-- Compiling module RAMB16_S1
-- Compiling module RAMB16_S18
-- Compiling module RAMB16_S18_S18
-- Compiling module RAMB16_S18_S36
-- Compiling module RAMB16_S1_S1
-- Compiling module RAMB16_S1_S18
-- Compiling module RAMB16_S1_S2
-- Compiling module RAMB16_S1_S36
-- Compiling module RAMB16_S1_S4
-- Compiling module RAMB16_S1_S9
-- Compiling module RAMB16_S2
-- Compiling module RAMB16_S2_S18
-- Compiling module RAMB16_S2_S2
-- Compiling module RAMB16_S2_S36
-- Compiling module RAMB16_S2_S4
-- Compiling module RAMB16_S2_S9
-- Compiling module RAMB16_S36
-- Compiling module RAMB16_S36_S36
-- Compiling module RAMB16_S4
-- Compiling module RAMB16_S4_S18
-- Compiling module RAMB16_S4_S36
-- Compiling module RAMB16_S4_S4
-- Compiling module RAMB16_S4_S9
-- Compiling module RAMB16_S9
-- Compiling module RAMB16_S9_S18
-- Compiling module RAMB16_S9_S36
-- Compiling module RAMB16_S9_S9
-- Compiling module RAMB18
-- Compiling module RAMB18E1
-- Compiling module RB18_INTERNAL_VLOG
-- Compiling module RAMB18SDP
-- Compiling module RAMB32_S64_ECC
-- Compiling module RAMB36
-- Compiling module RAMB36E1
-- Compiling module RB36_INTERNAL_VLOG
-- Compiling module RAMB36SDP
-- Compiling module RAMB36SDP_EXP
-- Compiling module RAMB36_EXP
-- Compiling module RAMB4_S1
-- Compiling module RAMB4_S16
-- Compiling module RAMB4_S16_S16
-- Compiling module RAMB4_S1_S1
-- Compiling module RAMB4_S1_S16
-- Compiling module RAMB4_S1_S2
-- Compiling module RAMB4_S1_S4
-- Compiling module RAMB4_S1_S8
-- Compiling module RAMB4_S2
-- Compiling module RAMB4_S2_S16
-- Compiling module RAMB4_S2_S2
-- Compiling module RAMB4_S2_S4
-- Compiling module RAMB4_S2_S8
-- Compiling module RAMB4_S4
-- Compiling module RAMB4_S4_S16
-- Compiling module RAMB4_S4_S4
-- Compiling module RAMB4_S4_S8
-- Compiling module RAMB4_S8
-- Compiling module RAMB4_S8_S16
-- Compiling module RAMB4_S8_S8
-- Compiling module RAMB8BWER
-- Compiling module ROM128X1
-- Compiling module ROM16X1
-- Compiling module ROM256X1
-- Compiling module ROM32X1
-- Compiling module ROM64X1
-- Compiling module SIM_CONFIGE2
-- Compiling module SIM_CONFIG_S3A
-- Compiling module SIM_CONFIG_S3A_SERIAL
-- Compiling module SIM_CONFIG_S6
-- Compiling module SIM_CONFIG_S6_SERIAL
-- Compiling module SIM_CONFIG_V5
-- Compiling module SIM_CONFIG_V5_SERIAL
-- Compiling module SIM_CONFIG_V6
-- Compiling module SIM_CONFIG_V6_SERIAL
-- Compiling module SPI_ACCESS
-- Compiling module SRL16
-- Compiling module SRL16E
-- Compiling module SRL16E_1
-- Compiling module SRL16_1
-- Compiling module SRLC16
-- Compiling module SRLC16E
-- Compiling module SRLC16E_1
-- Compiling module SRLC16_1
-- Compiling module SRLC32E
-- Compiling module STARTUPE2
-- Compiling module STARTUP_FPGACORE
-- Compiling module STARTUP_SPARTAN3
-- Compiling module STARTUP_SPARTAN3A
-- Compiling module STARTUP_SPARTAN3E
-- Compiling module STARTUP_SPARTAN6
-- Compiling module STARTUP_VIRTEX4
-- Compiling module STARTUP_VIRTEX5
-- Compiling module STARTUP_VIRTEX6
-- Compiling module SUSPEND_SYNC
-- Compiling module SYSMON
-- Compiling module TBLOCK
-- Compiling module TEMAC
-- Compiling module TEMAC_SINGLE
-- Compiling module TIMEGRP
-- Compiling module TIMESPEC
-- Compiling module USR_ACCESSE2
-- Compiling module USR_ACCESS_VIRTEX4
-- Compiling module USR_ACCESS_VIRTEX5
-- Compiling module USR_ACCESS_VIRTEX6
-- Compiling module VCC
-- Compiling module XADC
-- Compiling module XNOR2
-- Compiling module XNOR3
-- Compiling module XNOR4
-- Compiling module XNOR5
-- Compiling module XOR2
-- Compiling module XOR3
-- Compiling module XOR4
-- Compiling module XOR5
-- Compiling module XORCY
-- Compiling module XORCY_D
-- Compiling module XORCY_L
-- Compiling module ZHOLD_DELAY

Top level modules:
	AND2
	AND2B1
	AND2B1L
	AND2B2
	AND3
	AND3B1
	AND3B2
	AND3B3
	AND4
	AND4B1
	AND4B2
	AND4B3
	AND4B4
	AND5
	AND5B1
	AND5B2
	AND5B3
	AND5B4
	AND5B5
	AUTOBUF
	BSCANE2
	BSCAN_FPGACORE
	BSCAN_SPARTAN3
	BSCAN_SPARTAN3A
	BSCAN_SPARTAN6
	BSCAN_VIRTEX4
	BSCAN_VIRTEX5
	BSCAN_VIRTEX6
	BUF
	BUFCF
	BUFE
	BUFGCE
	BUFGCE_1
	BUFGDLL
	BUFGMUX_CTRL
	BUFGMUX_VIRTEX4
	BUFGP
	BUFG_LB
	BUFH
	BUFHCE
	BUFIO
	BUFIO2
	BUFIO2FB
	BUFIO2_2CLK
	BUFIODQS
	BUFMR
	BUFMRCE
	BUFPLL
	BUFPLL_MCB
	BUFR
	BUFT
	CAPTUREE2
	CAPTURE_FPGACORE
	CAPTURE_SPARTAN3
	CAPTURE_SPARTAN3A
	CAPTURE_VIRTEX4
	CAPTURE_VIRTEX5
	CAPTURE_VIRTEX6
	CARRY4
	CFGLUT5
	CLKDLLE
	CLKDLLHF
	CONFIG
	CRC32
	CRC64
	DCIRESET
	DCM
	DCM_BASE
	DCM_CLKGEN
	DCM_PS
	DCM_SP
	DNA_PORT
	DSP48
	DSP48A
	DSP48A1
	DSP48E
	DSP48E1
	EFUSE_USR
	EMAC
	FD
	FDC
	FDCE
	FDCE_1
	FDCP
	FDCPE_1
	FDCP_1
	FDC_1
	FDE
	FDE_1
	FDP
	FDPE
	FDPE_1
	FDP_1
	FDR
	FDRE
	FDRE_1
	FDRS
	FDRSE_1
	FDRS_1
	FDR_1
	FDS
	FDSE
	FDSE_1
	FDS_1
	FD_1
	FIFO16
	FIFO18
	FIFO18E1
	FIFO18_36
	FIFO36
	FIFO36E1
	FIFO36_72
	FIFO36_72_EXP
	FIFO36_EXP
	FMAP
	FRAME_ECCE2
	FRAME_ECC_VIRTEX4
	FRAME_ECC_VIRTEX5
	FRAME_ECC_VIRTEX6
	GND
	GT11CLK
	GT11CLK_MGT
	GT11_CUSTOM
	GT11_DUAL
	GTHE1_QUAD
	GTHE2_CHANNEL
	GTHE2_COMMON
	GTPA1_DUAL
	GTPE2_CHANNEL
	GTPE2_COMMON
	GTP_DUAL
	GTXE1
	GTXE2_CHANNEL
	GTXE2_COMMON
	GTX_DUAL
	IBUFDS
	IBUFDS_BLVDS_25
	IBUFDS_DIFF_OUT
	IBUFDS_DIFF_OUT_IBUFDISABLE
	IBUFDS_DIFF_OUT_INTERMDISABLE
	IBUFDS_DLY_ADJ
	IBUFDS_GTE2
	IBUFDS_GTHE1
	IBUFDS_GTXE1
	IBUFDS_IBUFDISABLE
	IBUFDS_INTERMDISABLE
	IBUFDS_LDT_25
	IBUFDS_LVDSEXT_25
	IBUFDS_LVDSEXT_25_DCI
	IBUFDS_LVDSEXT_33
	IBUFDS_LVDSEXT_33_DCI
	IBUFDS_LVDS_25
	IBUFDS_LVDS_25_DCI
	IBUFDS_LVDS_33
	IBUFDS_LVDS_33_DCI
	IBUFDS_LVPECL_25
	IBUFDS_LVPECL_33
	IBUFDS_ULVDS_25
	IBUFGDS
	IBUFGDS_BLVDS_25
	IBUFGDS_DIFF_OUT
	IBUFGDS_LDT_25
	IBUFGDS_LVDSEXT_25
	IBUFGDS_LVDSEXT_25_DCI
	IBUFGDS_LVDSEXT_33
	IBUFGDS_LVDSEXT_33_DCI
	IBUFGDS_LVDS_25
	IBUFGDS_LVDS_25_DCI
	IBUFGDS_LVDS_33
	IBUFGDS_LVDS_33_DCI
	IBUFGDS_LVPECL_25
	IBUFGDS_LVPECL_33
	IBUFGDS_ULVDS_25
	IBUFG_AGP
	IBUFG_CTT
	IBUFG_GTL
	IBUFG_GTLP
	IBUFG_GTLP_DCI
	IBUFG_GTL_DCI
	IBUFG_HSTL_I
	IBUFG_HSTL_II
	IBUFG_HSTL_III
	IBUFG_HSTL_III_18
	IBUFG_HSTL_III_DCI
	IBUFG_HSTL_III_DCI_18
	IBUFG_HSTL_II_18
	IBUFG_HSTL_II_DCI
	IBUFG_HSTL_II_DCI_18
	IBUFG_HSTL_IV
	IBUFG_HSTL_IV_18
	IBUFG_HSTL_IV_DCI
	IBUFG_HSTL_IV_DCI_18
	IBUFG_HSTL_I_18
	IBUFG_HSTL_I_DCI
	IBUFG_HSTL_I_DCI_18
	IBUFG_LVCMOS12
	IBUFG_LVCMOS15
	IBUFG_LVCMOS18
	IBUFG_LVCMOS2
	IBUFG_LVCMOS25
	IBUFG_LVCMOS33
	IBUFG_LVDCI_15
	IBUFG_LVDCI_18
	IBUFG_LVDCI_25
	IBUFG_LVDCI_33
	IBUFG_LVDCI_DV2_15
	IBUFG_LVDCI_DV2_18
	IBUFG_LVDCI_DV2_25
	IBUFG_LVDCI_DV2_33
	IBUFG_LVDS
	IBUFG_LVPECL
	IBUFG_LVTTL
	IBUFG_PCI33_3
	IBUFG_PCI33_5
	IBUFG_PCI66_3
	IBUFG_PCIX
	IBUFG_PCIX66_3
	IBUFG_SSTL18_I
	IBUFG_SSTL18_II
	IBUFG_SSTL18_II_DCI
	IBUFG_SSTL18_I_DCI
	IBUFG_SSTL2_I
	IBUFG_SSTL2_II
	IBUFG_SSTL2_II_DCI
	IBUFG_SSTL2_I_DCI
	IBUFG_SSTL3_I
	IBUFG_SSTL3_II
	IBUFG_SSTL3_II_DCI
	IBUFG_SSTL3_I_DCI
	IBUF_AGP
	IBUF_CTT
	IBUF_DLY_ADJ
	IBUF_GTL
	IBUF_GTLP
	IBUF_GTLP_DCI
	IBUF_GTL_DCI
	IBUF_HSTL_I
	IBUF_HSTL_II
	IBUF_HSTL_III
	IBUF_HSTL_III_18
	IBUF_HSTL_III_DCI
	IBUF_HSTL_III_DCI_18
	IBUF_HSTL_II_18
	IBUF_HSTL_II_DCI
	IBUF_HSTL_II_DCI_18
	IBUF_HSTL_IV
	IBUF_HSTL_IV_18
	IBUF_HSTL_IV_DCI
	IBUF_HSTL_IV_DCI_18
	IBUF_HSTL_I_18
	IBUF_HSTL_I_DCI
	IBUF_HSTL_I_DCI_18
	IBUF_IBUFDISABLE
	IBUF_INTERMDISABLE
	IBUF_LVCMOS12
	IBUF_LVCMOS15
	IBUF_LVCMOS18
	IBUF_LVCMOS2
	IBUF_LVCMOS25
	IBUF_LVCMOS33
	IBUF_LVDCI_15
	IBUF_LVDCI_18
	IBUF_LVDCI_25
	IBUF_LVDCI_33
	IBUF_LVDCI_DV2_15
	IBUF_LVDCI_DV2_18
	IBUF_LVDCI_DV2_25
	IBUF_LVDCI_DV2_33
	IBUF_LVDS
	IBUF_LVPECL
	IBUF_LVTTL
	IBUF_PCI33_3
	IBUF_PCI33_5
	IBUF_PCI66_3
	IBUF_PCIX
	IBUF_PCIX66_3
	IBUF_SSTL18_I
	IBUF_SSTL18_II
	IBUF_SSTL18_II_DCI
	IBUF_SSTL18_I_DCI
	IBUF_SSTL2_I
	IBUF_SSTL2_II
	IBUF_SSTL2_II_DCI
	IBUF_SSTL2_I_DCI
	IBUF_SSTL3_I
	IBUF_SSTL3_II
	IBUF_SSTL3_II_DCI
	IBUF_SSTL3_I_DCI
	ICAPE2
	ICAP_SPARTAN3A
	ICAP_SPARTAN6
	ICAP_VIRTEX4
	ICAP_VIRTEX5
	ICAP_VIRTEX6
	IDDR
	IDDR2
	IDDR_2CLK
	IDELAY
	IDELAYCTRL
	IDELAYE2
	IDELAYE2_FINEDELAY
	IFDDRCPE
	IFDDRRSE
	IN_FIFO
	IOBUF
	IOBUFDS
	IOBUFDS_BLVDS_25
	IOBUFDS_DCIEN
	IOBUFDS_DIFF_OUT
	IOBUFDS_DIFF_OUT_DCIEN
	IOBUFDS_DIFF_OUT_INTERMDISABLE
	IOBUFDS_INTERMDISABLE
	IOBUF_AGP
	IOBUF_CTT
	IOBUF_DCIEN
	IOBUF_F_12
	IOBUF_F_16
	IOBUF_F_2
	IOBUF_F_24
	IOBUF_F_4
	IOBUF_F_6
	IOBUF_F_8
	IOBUF_GTL
	IOBUF_GTLP
	IOBUF_GTLP_DCI
	IOBUF_GTL_DCI
	IOBUF_HSTL_I
	IOBUF_HSTL_II
	IOBUF_HSTL_III
	IOBUF_HSTL_III_18
	IOBUF_HSTL_II_18
	IOBUF_HSTL_II_DCI
	IOBUF_HSTL_II_DCI_18
	IOBUF_HSTL_IV
	IOBUF_HSTL_IV_18
	IOBUF_HSTL_IV_DCI
	IOBUF_HSTL_IV_DCI_18
	IOBUF_HSTL_I_18
	IOBUF_INTERMDISABLE
	IOBUF_LVCMOS12
	IOBUF_LVCMOS12_F_2
	IOBUF_LVCMOS12_F_4
	IOBUF_LVCMOS12_F_6
	IOBUF_LVCMOS12_F_8
	IOBUF_LVCMOS12_S_2
	IOBUF_LVCMOS12_S_4
	IOBUF_LVCMOS12_S_6
	IOBUF_LVCMOS12_S_8
	IOBUF_LVCMOS15
	IOBUF_LVCMOS15_F_12
	IOBUF_LVCMOS15_F_16
	IOBUF_LVCMOS15_F_2
	IOBUF_LVCMOS15_F_4
	IOBUF_LVCMOS15_F_6
	IOBUF_LVCMOS15_F_8
	IOBUF_LVCMOS15_S_12
	IOBUF_LVCMOS15_S_16
	IOBUF_LVCMOS15_S_2
	IOBUF_LVCMOS15_S_4
	IOBUF_LVCMOS15_S_6
	IOBUF_LVCMOS15_S_8
	IOBUF_LVCMOS18
	IOBUF_LVCMOS18_F_12
	IOBUF_LVCMOS18_F_16
	IOBUF_LVCMOS18_F_2
	IOBUF_LVCMOS18_F_4
	IOBUF_LVCMOS18_F_6
	IOBUF_LVCMOS18_F_8
	IOBUF_LVCMOS18_S_12
	IOBUF_LVCMOS18_S_16
	IOBUF_LVCMOS18_S_2
	IOBUF_LVCMOS18_S_4
	IOBUF_LVCMOS18_S_6
	IOBUF_LVCMOS18_S_8
	IOBUF_LVCMOS2
	IOBUF_LVCMOS25
	IOBUF_LVCMOS25_F_12
	IOBUF_LVCMOS25_F_16
	IOBUF_LVCMOS25_F_2
	IOBUF_LVCMOS25_F_24
	IOBUF_LVCMOS25_F_4
	IOBUF_LVCMOS25_F_6
	IOBUF_LVCMOS25_F_8
	IOBUF_LVCMOS25_S_12
	IOBUF_LVCMOS25_S_16
	IOBUF_LVCMOS25_S_2
	IOBUF_LVCMOS25_S_24
	IOBUF_LVCMOS25_S_4
	IOBUF_LVCMOS25_S_6
	IOBUF_LVCMOS25_S_8
	IOBUF_LVCMOS33
	IOBUF_LVCMOS33_F_12
	IOBUF_LVCMOS33_F_16
	IOBUF_LVCMOS33_F_2
	IOBUF_LVCMOS33_F_24
	IOBUF_LVCMOS33_F_4
	IOBUF_LVCMOS33_F_6
	IOBUF_LVCMOS33_F_8
	IOBUF_LVCMOS33_S_12
	IOBUF_LVCMOS33_S_16
	IOBUF_LVCMOS33_S_2
	IOBUF_LVCMOS33_S_24
	IOBUF_LVCMOS33_S_4
	IOBUF_LVCMOS33_S_6
	IOBUF_LVCMOS33_S_8
	IOBUF_LVDCI_15
	IOBUF_LVDCI_18
	IOBUF_LVDCI_25
	IOBUF_LVDCI_33
	IOBUF_LVDCI_DV2_15
	IOBUF_LVDCI_DV2_18
	IOBUF_LVDCI_DV2_25
	IOBUF_LVDCI_DV2_33
	IOBUF_LVDS
	IOBUF_LVPECL
	IOBUF_LVTTL
	IOBUF_LVTTL_F_12
	IOBUF_LVTTL_F_16
	IOBUF_LVTTL_F_2
	IOBUF_LVTTL_F_24
	IOBUF_LVTTL_F_4
	IOBUF_LVTTL_F_6
	IOBUF_LVTTL_F_8
	IOBUF_LVTTL_S_12
	IOBUF_LVTTL_S_16
	IOBUF_LVTTL_S_2
	IOBUF_LVTTL_S_24
	IOBUF_LVTTL_S_4
	IOBUF_LVTTL_S_6
	IOBUF_LVTTL_S_8
	IOBUF_PCI33_3
	IOBUF_PCI33_5
	IOBUF_PCI66_3
	IOBUF_PCIX
	IOBUF_PCIX66_3
	IOBUF_SSTL18_I
	IOBUF_SSTL18_II
	IOBUF_SSTL18_II_DCI
	IOBUF_SSTL2_I
	IOBUF_SSTL2_II
	IOBUF_SSTL2_II_DCI
	IOBUF_SSTL3_I
	IOBUF_SSTL3_II
	IOBUF_SSTL3_II_DCI
	IOBUF_S_12
	IOBUF_S_16
	IOBUF_S_2
	IOBUF_S_24
	IOBUF_S_4
	IOBUF_S_6
	IOBUF_S_8
	IODELAY
	IODELAY2
	IODELAYE1
	IODRP2
	IODRP2_MCB
	ISERDES
	ISERDES2
	ISERDESE1
	ISERDESE2
	ISERDES_NODELAY
	JTAGPPC
	JTAGPPC440
	JTAG_SIME2
	JTAG_SIM_SPARTAN3A
	JTAG_SIM_SPARTAN6
	JTAG_SIM_VIRTEX4
	JTAG_SIM_VIRTEX5
	JTAG_SIM_VIRTEX6
	KEEPER
	KEY_CLEAR
	LD
	LDC
	LDCE
	LDCE_1
	LDCP
	LDCPE
	LDCPE_1
	LDCP_1
	LDC_1
	LDE
	LDE_1
	LDP
	LDPE
	LDPE_1
	LDP_1
	LD_1
	LUT1
	LUT1_D
	LUT1_L
	LUT2
	LUT2_D
	LUT2_L
	LUT3
	LUT3_D
	LUT3_L
	LUT4
	LUT4_D
	LUT4_L
	LUT5
	LUT5_D
	LUT5_L
	LUT6
	LUT6_2
	LUT6_D
	LUT6_L
	MCB
	MMCME2_BASE
	MMCM_BASE
	MULT18X18
	MULT18X18S
	MULT18X18SIO
	MULT_AND
	MUXCY
	MUXCY_D
	MUXCY_L
	MUXF5
	MUXF5_D
	MUXF5_L
	MUXF6
	MUXF6_D
	MUXF6_L
	MUXF7
	MUXF7_D
	MUXF7_L
	MUXF8
	MUXF8_D
	MUXF8_L
	NAND2
	NAND2B1
	NAND2B2
	NAND3
	NAND3B1
	NAND3B2
	NAND3B3
	NAND4
	NAND4B1
	NAND4B2
	NAND4B3
	NAND4B4
	NAND5
	NAND5B1
	NAND5B2
	NAND5B3
	NAND5B4
	NAND5B5
	NOR2
	NOR2B1
	NOR2B2
	NOR3
	NOR3B1
	NOR3B2
	NOR3B3
	NOR4
	NOR4B1
	NOR4B2
	NOR4B3
	NOR4B4
	NOR5
	NOR5B1
	NOR5B2
	NOR5B3
	NOR5B4
	NOR5B5
	OBUFDS
	OBUFDS_BLVDS_25
	OBUFDS_LDT_25
	OBUFDS_LVDSEXT_25
	OBUFDS_LVDSEXT_33
	OBUFDS_LVDS_25
	OBUFDS_LVDS_33
	OBUFDS_LVPECL_25
	OBUFDS_LVPECL_33
	OBUFDS_ULVDS_25
	OBUFTDS
	OBUFTDS_BLVDS_25
	OBUFTDS_LDT_25
	OBUFTDS_LVDSEXT_25
	OBUFTDS_LVDSEXT_33
	OBUFTDS_LVDS_25
	OBUFTDS_LVDS_33
	OBUFTDS_LVPECL_25
	OBUFTDS_LVPECL_33
	OBUFTDS_ULVDS_25
	OBUFT_AGP
	OBUFT_CTT
	OBUFT_F_12
	OBUFT_F_16
	OBUFT_F_2
	OBUFT_F_24
	OBUFT_F_4
	OBUFT_F_6
	OBUFT_F_8
	OBUFT_GTL
	OBUFT_GTLP
	OBUFT_GTLP_DCI
	OBUFT_GTL_DCI
	OBUFT_HSTL_I
	OBUFT_HSTL_II
	OBUFT_HSTL_III
	OBUFT_HSTL_III_18
	OBUFT_HSTL_III_DCI
	OBUFT_HSTL_III_DCI_18
	OBUFT_HSTL_II_18
	OBUFT_HSTL_II_DCI
	OBUFT_HSTL_II_DCI_18
	OBUFT_HSTL_IV
	OBUFT_HSTL_IV_18
	OBUFT_HSTL_IV_DCI
	OBUFT_HSTL_IV_DCI_18
	OBUFT_HSTL_I_18
	OBUFT_HSTL_I_DCI
	OBUFT_HSTL_I_DCI_18
	OBUFT_LVCMOS12
	OBUFT_LVCMOS12_F_2
	OBUFT_LVCMOS12_F_4
	OBUFT_LVCMOS12_F_6
	OBUFT_LVCMOS12_F_8
	OBUFT_LVCMOS12_S_2
	OBUFT_LVCMOS12_S_4
	OBUFT_LVCMOS12_S_6
	OBUFT_LVCMOS12_S_8
	OBUFT_LVCMOS15
	OBUFT_LVCMOS15_F_12
	OBUFT_LVCMOS15_F_16
	OBUFT_LVCMOS15_F_2
	OBUFT_LVCMOS15_F_4
	OBUFT_LVCMOS15_F_6
	OBUFT_LVCMOS15_F_8
	OBUFT_LVCMOS15_S_12
	OBUFT_LVCMOS15_S_16
	OBUFT_LVCMOS15_S_2
	OBUFT_LVCMOS15_S_4
	OBUFT_LVCMOS15_S_6
	OBUFT_LVCMOS15_S_8
	OBUFT_LVCMOS18
	OBUFT_LVCMOS18_F_12
	OBUFT_LVCMOS18_F_16
	OBUFT_LVCMOS18_F_2
	OBUFT_LVCMOS18_F_4
	OBUFT_LVCMOS18_F_6
	OBUFT_LVCMOS18_F_8
	OBUFT_LVCMOS18_S_12
	OBUFT_LVCMOS18_S_16
	OBUFT_LVCMOS18_S_2
	OBUFT_LVCMOS18_S_4
	OBUFT_LVCMOS18_S_6
	OBUFT_LVCMOS18_S_8
	OBUFT_LVCMOS2
	OBUFT_LVCMOS25
	OBUFT_LVCMOS25_F_12
	OBUFT_LVCMOS25_F_16
	OBUFT_LVCMOS25_F_2
	OBUFT_LVCMOS25_F_24
	OBUFT_LVCMOS25_F_4
	OBUFT_LVCMOS25_F_6
	OBUFT_LVCMOS25_F_8
	OBUFT_LVCMOS25_S_12
	OBUFT_LVCMOS25_S_16
	OBUFT_LVCMOS25_S_2
	OBUFT_LVCMOS25_S_24
	OBUFT_LVCMOS25_S_4
	OBUFT_LVCMOS25_S_6
	OBUFT_LVCMOS25_S_8
	OBUFT_LVCMOS33
	OBUFT_LVCMOS33_F_12
	OBUFT_LVCMOS33_F_16
	OBUFT_LVCMOS33_F_2
	OBUFT_LVCMOS33_F_24
	OBUFT_LVCMOS33_F_4
	OBUFT_LVCMOS33_F_6
	OBUFT_LVCMOS33_F_8
	OBUFT_LVCMOS33_S_12
	OBUFT_LVCMOS33_S_16
	OBUFT_LVCMOS33_S_2
	OBUFT_LVCMOS33_S_24
	OBUFT_LVCMOS33_S_4
	OBUFT_LVCMOS33_S_6
	OBUFT_LVCMOS33_S_8
	OBUFT_LVDCI_15
	OBUFT_LVDCI_18
	OBUFT_LVDCI_25
	OBUFT_LVDCI_33
	OBUFT_LVDCI_DV2_15
	OBUFT_LVDCI_DV2_18
	OBUFT_LVDCI_DV2_25
	OBUFT_LVDCI_DV2_33
	OBUFT_LVDS
	OBUFT_LVPECL
	OBUFT_LVTTL
	OBUFT_LVTTL_F_12
	OBUFT_LVTTL_F_16
	OBUFT_LVTTL_F_2
	OBUFT_LVTTL_F_24
	OBUFT_LVTTL_F_4
	OBUFT_LVTTL_F_6
	OBUFT_LVTTL_F_8
	OBUFT_LVTTL_S_12
	OBUFT_LVTTL_S_16
	OBUFT_LVTTL_S_2
	OBUFT_LVTTL_S_24
	OBUFT_LVTTL_S_4
	OBUFT_LVTTL_S_6
	OBUFT_LVTTL_S_8
	OBUFT_PCI33_3
	OBUFT_PCI33_5
	OBUFT_PCI66_3
	OBUFT_PCIX
	OBUFT_PCIX66_3
	OBUFT_SSTL18_I
	OBUFT_SSTL18_II
	OBUFT_SSTL18_II_DCI
	OBUFT_SSTL18_I_DCI
	OBUFT_SSTL2_I
	OBUFT_SSTL2_II
	OBUFT_SSTL2_II_DCI
	OBUFT_SSTL2_I_DCI
	OBUFT_SSTL3_I
	OBUFT_SSTL3_II
	OBUFT_SSTL3_II_DCI
	OBUFT_SSTL3_I_DCI
	OBUFT_S_12
	OBUFT_S_16
	OBUFT_S_2
	OBUFT_S_24
	OBUFT_S_4
	OBUFT_S_6
	OBUFT_S_8
	OBUF_AGP
	OBUF_CTT
	OBUF_F_12
	OBUF_F_16
	OBUF_F_2
	OBUF_F_24
	OBUF_F_4
	OBUF_F_6
	OBUF_F_8
	OBUF_GTL
	OBUF_GTLP
	OBUF_GTLP_DCI
	OBUF_GTL_DCI
	OBUF_HSTL_I
	OBUF_HSTL_II
	OBUF_HSTL_III
	OBUF_HSTL_III_18
	OBUF_HSTL_III_DCI
	OBUF_HSTL_III_DCI_18
	OBUF_HSTL_II_18
	OBUF_HSTL_II_DCI
	OBUF_HSTL_II_DCI_18
	OBUF_HSTL_IV
	OBUF_HSTL_IV_18
	OBUF_HSTL_IV_DCI
	OBUF_HSTL_IV_DCI_18
	OBUF_HSTL_I_18
	OBUF_HSTL_I_DCI
	OBUF_HSTL_I_DCI_18
	OBUF_LVCMOS12
	OBUF_LVCMOS12_F_2
	OBUF_LVCMOS12_F_4
	OBUF_LVCMOS12_F_6
	OBUF_LVCMOS12_F_8
	OBUF_LVCMOS12_S_2
	OBUF_LVCMOS12_S_4
	OBUF_LVCMOS12_S_6
	OBUF_LVCMOS12_S_8
	OBUF_LVCMOS15
	OBUF_LVCMOS15_F_12
	OBUF_LVCMOS15_F_16
	OBUF_LVCMOS15_F_2
	OBUF_LVCMOS15_F_4
	OBUF_LVCMOS15_F_6
	OBUF_LVCMOS15_F_8
	OBUF_LVCMOS15_S_12
	OBUF_LVCMOS15_S_16
	OBUF_LVCMOS15_S_2
	OBUF_LVCMOS15_S_4
	OBUF_LVCMOS15_S_6
	OBUF_LVCMOS15_S_8
	OBUF_LVCMOS18
	OBUF_LVCMOS18_F_12
	OBUF_LVCMOS18_F_16
	OBUF_LVCMOS18_F_2
	OBUF_LVCMOS18_F_4
	OBUF_LVCMOS18_F_6
	OBUF_LVCMOS18_F_8
	OBUF_LVCMOS18_S_12
	OBUF_LVCMOS18_S_16
	OBUF_LVCMOS18_S_2
	OBUF_LVCMOS18_S_4
	OBUF_LVCMOS18_S_6
	OBUF_LVCMOS18_S_8
	OBUF_LVCMOS2
	OBUF_LVCMOS25
	OBUF_LVCMOS25_F_12
	OBUF_LVCMOS25_F_16
	OBUF_LVCMOS25_F_2
	OBUF_LVCMOS25_F_24
	OBUF_LVCMOS25_F_4
	OBUF_LVCMOS25_F_6
	OBUF_LVCMOS25_F_8
	OBUF_LVCMOS25_S_12
	OBUF_LVCMOS25_S_16
	OBUF_LVCMOS25_S_2
	OBUF_LVCMOS25_S_24
	OBUF_LVCMOS25_S_4
	OBUF_LVCMOS25_S_6
	OBUF_LVCMOS25_S_8
	OBUF_LVCMOS33
	OBUF_LVCMOS33_F_12
	OBUF_LVCMOS33_F_16
	OBUF_LVCMOS33_F_2
	OBUF_LVCMOS33_F_24
	OBUF_LVCMOS33_F_4
	OBUF_LVCMOS33_F_6
	OBUF_LVCMOS33_F_8
	OBUF_LVCMOS33_S_12
	OBUF_LVCMOS33_S_16
	OBUF_LVCMOS33_S_2
	OBUF_LVCMOS33_S_24
	OBUF_LVCMOS33_S_4
	OBUF_LVCMOS33_S_6
	OBUF_LVCMOS33_S_8
	OBUF_LVDCI_15
	OBUF_LVDCI_18
	OBUF_LVDCI_25
	OBUF_LVDCI_33
	OBUF_LVDCI_DV2_15
	OBUF_LVDCI_DV2_18
	OBUF_LVDCI_DV2_25
	OBUF_LVDCI_DV2_33
	OBUF_LVDS
	OBUF_LVPECL
	OBUF_LVTTL
	OBUF_LVTTL_F_12
	OBUF_LVTTL_F_16
	OBUF_LVTTL_F_2
	OBUF_LVTTL_F_24
	OBUF_LVTTL_F_4
	OBUF_LVTTL_F_6
	OBUF_LVTTL_F_8
	OBUF_LVTTL_S_12
	OBUF_LVTTL_S_16
	OBUF_LVTTL_S_2
	OBUF_LVTTL_S_24
	OBUF_LVTTL_S_4
	OBUF_LVTTL_S_6
	OBUF_LVTTL_S_8
	OBUF_PCI33_3
	OBUF_PCI33_5
	OBUF_PCI66_3
	OBUF_PCIX
	OBUF_PCIX66_3
	OBUF_SSTL18_I
	OBUF_SSTL18_II
	OBUF_SSTL18_II_DCI
	OBUF_SSTL18_I_DCI
	OBUF_SSTL2_I
	OBUF_SSTL2_II
	OBUF_SSTL2_II_DCI
	OBUF_SSTL2_I_DCI
	OBUF_SSTL3_I
	OBUF_SSTL3_II
	OBUF_SSTL3_II_DCI
	OBUF_SSTL3_I_DCI
	OBUF_S_12
	OBUF_S_16
	OBUF_S_2
	OBUF_S_24
	OBUF_S_4
	OBUF_S_6
	OBUF_S_8
	ODDR
	ODDR2
	ODELAYE2
	ODELAYE2_FINEDELAY
	OFDDRCPE
	OFDDRRSE
	OFDDRTCPE
	OFDDRTRSE
	OR2
	OR2B1
	OR2B2
	OR2L
	OR3
	OR3B1
	OR3B2
	OR3B3
	OR4
	OR4B1
	OR4B2
	OR4B3
	OR4B4
	OR5
	OR5B1
	OR5B2
	OR5B3
	OR5B4
	OR5B5
	ORCY
	OSERDES
	OSERDES2
	OSERDESE1
	OSERDESE2
	OUT_FIFO
	PCIE_2_0
	PCIE_2_1
	PCIE_3_0
	PCIE_A1
	PCIE_EP
	PHASER_IN
	PHASER_IN_PHY
	PHASER_OUT
	PHASER_OUT_PHY
	PHASER_REF
	PHY_CONTROL
	PLLE2_BASE
	PLL_BASE
	PMCD
	POST_CRC_INTERNAL
	PPC405_ADV
	PPC440
	PS7
	PULLDOWN
	PULLUP
	RAM128X1D
	RAM128X1S
	RAM128X1S_1
	RAM16X1D
	RAM16X1D_1
	RAM16X1S
	RAM16X1S_1
	RAM16X2S
	RAM16X4S
	RAM16X8S
	RAM256X1S
	RAM32M
	RAM32X1D
	RAM32X1D_1
	RAM32X1S
	RAM32X1S_1
	RAM32X2S
	RAM32X4S
	RAM32X8S
	RAM64M
	RAM64X1D
	RAM64X1D_1
	RAM64X1S
	RAM64X1S_1
	RAM64X2S
	RAMB16BWER
	RAMB16BWE_S18
	RAMB16BWE_S18_S18
	RAMB16BWE_S18_S9
	RAMB16BWE_S36
	RAMB16BWE_S36_S18
	RAMB16BWE_S36_S36
	RAMB16BWE_S36_S9
	RAMB16_S1
	RAMB16_S18
	RAMB16_S18_S18
	RAMB16_S18_S36
	RAMB16_S1_S1
	RAMB16_S1_S18
	RAMB16_S1_S2
	RAMB16_S1_S36
	RAMB16_S1_S4
	RAMB16_S1_S9
	RAMB16_S2
	RAMB16_S2_S18
	RAMB16_S2_S2
	RAMB16_S2_S36
	RAMB16_S2_S4
	RAMB16_S2_S9
	RAMB16_S36
	RAMB16_S36_S36
	RAMB16_S4
	RAMB16_S4_S18
	RAMB16_S4_S36
	RAMB16_S4_S4
	RAMB16_S4_S9
	RAMB16_S9
	RAMB16_S9_S18
	RAMB16_S9_S36
	RAMB16_S9_S9
	RAMB18
	RAMB18E1
	RAMB18SDP
	RAMB32_S64_ECC
	RAMB36
	RAMB36E1
	RAMB36SDP
	RAMB36SDP_EXP
	RAMB36_EXP
	RAMB4_S1
	RAMB4_S16
	RAMB4_S16_S16
	RAMB4_S1_S1
	RAMB4_S1_S16
	RAMB4_S1_S2
	RAMB4_S1_S4
	RAMB4_S1_S8
	RAMB4_S2
	RAMB4_S2_S16
	RAMB4_S2_S2
	RAMB4_S2_S4
	RAMB4_S2_S8
	RAMB4_S4
	RAMB4_S4_S16
	RAMB4_S4_S4
	RAMB4_S4_S8
	RAMB4_S8
	RAMB4_S8_S16
	RAMB4_S8_S8
	RAMB8BWER
	ROM128X1
	ROM16X1
	ROM256X1
	ROM32X1
	ROM64X1
	SIM_CONFIG_S3A
	SIM_CONFIG_S3A_SERIAL
	SIM_CONFIG_S6_SERIAL
	SIM_CONFIG_V5
	SIM_CONFIG_V5_SERIAL
	SIM_CONFIG_V6_SERIAL
	SPI_ACCESS
	SRL16
	SRL16E
	SRL16E_1
	SRL16_1
	SRLC16
	SRLC16E
	SRLC16E_1
	SRLC16_1
	SRLC32E
	STARTUPE2
	STARTUP_FPGACORE
	STARTUP_SPARTAN3
	STARTUP_SPARTAN3A
	STARTUP_SPARTAN3E
	STARTUP_SPARTAN6
	STARTUP_VIRTEX4
	STARTUP_VIRTEX5
	STARTUP_VIRTEX6
	SUSPEND_SYNC
	SYSMON
	TBLOCK
	TEMAC
	TEMAC_SINGLE
	TIMEGRP
	TIMESPEC
	USR_ACCESSE2
	USR_ACCESS_VIRTEX4
	USR_ACCESS_VIRTEX5
	USR_ACCESS_VIRTEX6
	VCC
	XADC
	XNOR2
	XNOR3
	XNOR4
	XNOR5
	XOR2
	XOR3
	XOR4
	XOR5
	XORCY
	XORCY_D
	XORCY_L
	ZHOLD_DELAY

