Modifying modelsim.ini

Model Technology ModelSim SE-64 vlog 10.1c Compiler 2012.07 Jul 27 2012
-- Compiling module X_AFIFO36_INTERNAL
-- Compiling module X_AND16
-- Compiling module X_AND2
-- Compiling module X_AND2B1L
-- Compiling module X_AND3
-- Compiling module X_AND32
-- Compiling module X_AND4
-- Compiling module X_AND5
-- Compiling module X_AND6
-- Compiling module X_AND7
-- Compiling module X_AND8
-- Compiling module X_AND9
-- Compiling module X_ARAMB36_INTERNAL
-- Compiling module X_AUTOBUF
-- Compiling module X_BPAD
-- Compiling module X_BSCANE2
-- Compiling module X_BSCAN_FPGACORE
-- Compiling module X_BSCAN_SPARTAN3
-- Compiling module X_BSCAN_SPARTAN3A
-- Compiling module X_BSCAN_SPARTAN6
-- Compiling module X_BSCAN_VIRTEX4
-- Compiling module X_BSCAN_VIRTEX5
-- Compiling module X_BSCAN_VIRTEX6
-- Compiling module X_BUF
-- Compiling module X_BUFGCTRL
-- Compiling module X_BUFGMUX
-- Compiling module X_BUFGMUX_1
-- Compiling module X_BUFG_LB
-- Compiling module X_BUFHCE
-- Compiling module X_BUFIO2
-- Compiling module X_BUFIO2FB
-- Compiling module X_BUFIO2_2CLK
-- Compiling module X_BUFIODQS
-- Compiling module X_BUFMRCE
-- Compiling module X_BUFPLL
-- Compiling module X_BUFPLL_MCB
-- Compiling module X_BUFR
-- Compiling module X_CAPTUREE2
-- Compiling module X_CAPTURE_VIRTEX6
-- Compiling module X_CARRY4
-- Compiling module X_CKBUF
-- Compiling module X_CLKDLL
-- Compiling module x_clkdll_maximum_period_check
-- Compiling module X_CLKDLLE
-- Compiling module x_clkdlle_maximum_period_check
-- Compiling module X_CLK_DIV
-- Compiling module X_CRC32
-- Compiling module X_CRC64
-- Compiling module X_DCM
-- Compiling module x_dcm_clock_divide_by_2
-- Compiling module x_dcm_maximum_period_check
-- Compiling module x_dcm_clock_lost
-- Compiling module X_DCM_ADV
-- Compiling module x_dcm_adv_clock_divide_by_2
-- Compiling module x_dcm_adv_maximum_period_check
-- Compiling module x_dcm_adv_clock_lost
-- Compiling module X_DCM_CLKGEN
-- Compiling module X_DCM_SP
-- Compiling module x_dcm_sp_clock_divide_by_2
-- Compiling module x_dcm_sp_maximum_period_check
-- Compiling module x_dcm_sp_clock_lost
-- Compiling module X_DNA_PORT
-- Compiling module X_DSP48
-- Compiling module X_DSP48A
-- Compiling module X_DSP48A1
-- Compiling module X_DSP48E
-- Compiling module X_DSP48E1
-- Compiling module X_EFUSE_USR
-- Compiling module X_EMAC
-- Compiling module X_FDD
-- Compiling UDP ffsrced
-- Compiling module X_FDDRCPE
-- Compiling module X_FDDRRSE
-- Compiling module X_FF
-- Compiling UDP ffsrce
-- Compiling module X_FF_CPLD
-- Compiling UDP ffsrcecpld
-- Compiling module X_FIFO16
-- Compiling module X_FIFO18
-- Compiling module X_FIFO18E1
-- Compiling module X_FF18_INTERNAL_VLOG
-- Compiling module X_FIFO18_36
-- Compiling module X_FIFO36E1
-- Compiling module X_FF36_INTERNAL_VLOG
-- Compiling module X_FIFO36_72_EXP
-- Compiling module X_FIFO36_EXP
-- Compiling module X_FRAME_ECCE2
-- Compiling module X_FRAME_ECC_VIRTEX6
-- Compiling module X_GT11
-- Compiling module X_GT11CLK
-- Compiling module X_GTHE1_QUAD
-- Compiling module X_GTHE2_CHANNEL
-- Compiling module X_GTHE2_COMMON
-- Compiling module X_GTPA1_DUAL
-- Compiling module X_GTPE2_CHANNEL
-- Compiling module X_GTPE2_COMMON
-- Compiling module X_GTP_DUAL
-- Compiling module X_GTXE1
-- Compiling module X_GTXE2_CHANNEL
-- Compiling module X_GTXE2_COMMON
-- Compiling module X_GTX_DUAL
-- Compiling module X_IBUFDS
-- Compiling module X_IBUFDS_DIFF_OUT_IBUFDISABLE
-- Compiling module X_IBUFDS_DLY_ADJ
-- Compiling module X_IBUFDS_GTE2
-- Compiling module X_IBUFDS_GTHE1
-- Compiling module X_IBUFDS_GTXE1
-- Compiling module X_IBUFDS_IBUFDISABLE
-- Compiling module X_IBUFDS_IBUFDISABLE_TPWRGT
-- Compiling module X_IBUFDS_INTERMDISABLE
-- Compiling module X_IBUFDS_INTERMDISABLE_TPWRGT
-- Compiling module X_IBUF_DLY_ADJ
-- Compiling module X_IBUF_IBUFDISABLE
-- Compiling module X_IBUF_IBUFDISABLE_TPWRGT
-- Compiling module X_IBUF_INTERMDISABLE
-- Compiling module X_IBUF_INTERMDISABLE_TPWRGT
-- Compiling module X_ICAPE2
-- Compiling module X_ICAP_SPARTAN6
-- Compiling module X_ICAP_VIRTEX6
-- Compiling module X_IDDR
-- Compiling module X_IDDR2
-- Compiling module X_IDDR_2CLK
-- Compiling module X_IDELAY
-- Compiling module X_IDELAYCTRL
-- Compiling module X_IDELAYE2
-- Compiling module X_IDELAYE2_FINEDELAY
-- Compiling module X_INV
-- Compiling module X_IN_FIFO
-- Compiling module X_IOBUFDS_DCIEN
-- Compiling module X_IOBUFDS_DIFF_OUT_DCIEN
-- Compiling module X_IOBUF_DCIEN
-- Compiling module X_IODELAY
-- Compiling module X_IODELAY2
-- Compiling module X_IODELAYE1
-- Compiling module X_IODRP2
-- Compiling module X_IODRP2_MCB
-- Compiling module X_IPAD
-- Compiling module X_ISERDES
-- Compiling module X_ISERDES2
-- Compiling module X_ISERDESE1
-- Compiling module bscntrl_iserdese1_vlog
-- Compiling module ice_iserdese1_vlog
-- Compiling module X_ISERDESE2
-- Compiling module X_ISERDES_NODELAY
-- Compiling module X_JTAG_SIME2
-- Compiling module X_JTAG_SIM_SPARTAN3A
-- Compiling module X_JTAG_SIM_SPARTAN6
-- Compiling module X_JTAG_SIM_VIRTEX4
-- Compiling module X_JTAG_SIM_VIRTEX5
-- Compiling module X_JTAG_SIM_VIRTEX6
-- Compiling module X_KEEPER
-- Compiling module X_LATCH
-- Compiling UDP latchsr
-- Compiling module X_LATCHE
-- Compiling UDP latchsre
-- Compiling module X_LATCH_CPLD
-- Compiling UDP latchsrcpld
-- Compiling module X_LUT2
-- Compiling UDP x_lut2_mux4
-- Compiling module X_LUT3
-- Compiling UDP x_lut3_mux4
-- Compiling module X_LUT4
-- Compiling module X_LUT5
-- Compiling module X_LUT6
-- Compiling module X_LUT6_2
-- Compiling module X_LUT7
-- Compiling UDP x_lut7_mux4
-- Compiling module X_LUT8
-- Compiling UDP x_lut8_mux4
-- Compiling module X_MCB
-- Compiling module X_MMCME2_ADV
-- Compiling module X_MMCM_ADV
-- Compiling module X_MULT18X18
-- Compiling module X_MULT18X18S
-- Compiling module X_MULT18X18SIO
-- Compiling module X_MUX2
-- Compiling UDP mux
-- Compiling module X_OBUF
-- Compiling module X_OBUFDS
-- Compiling module X_OBUFT
-- Compiling module X_OBUFTDS
-- Compiling module X_OBUFTDS_DCIEN
-- Compiling module X_OBUFT_DCIEN
-- Compiling module X_ODDR
-- Compiling module X_ODDR2
-- Compiling module X_ODELAYE2
-- Compiling module X_ODELAYE2_FINEDELAY
-- Compiling module X_ONE
-- Compiling module X_OPAD
-- Compiling module X_OR16
-- Compiling module X_OR2
-- Compiling module X_OR2L
-- Compiling module X_OR3
-- Compiling module X_OR32
-- Compiling module X_OR4
-- Compiling module X_OR5
-- Compiling module X_OR6
-- Compiling module X_OR7
-- Compiling module X_OR8
-- Compiling module X_OR9
-- Compiling module X_OSERDES
-- Compiling module X_OSERDES2
-- Compiling module X_OSERDESE1
-- Compiling module selfheal_oserdese1_vlog
-- Compiling module plg_oserdese1_vlog
-- Compiling module rank12d_oserdese1_vlog
-- Compiling module trif_oserdese1_vlog
-- Compiling module txbuffer_oserdese1_vlog
-- Compiling module fifo_tdpipe_oserdese1_vlog
-- Compiling module fifo_reset_oserdese1_vlog
-- Compiling module fifo_addr_oserdese1_vlog
-- Compiling module iodlyctrl_npre_oserdese1_vlog
-- Compiling module dout_oserdese1_vlog
-- Compiling module tout_oserdese1_vlog
-- Compiling module X_OSERDESE2
-- Compiling module X_OUT_FIFO
-- Compiling module X_PCIE_2_0
-- Compiling module X_PCIE_2_1
-- Compiling module X_PCIE_3_0
-- Compiling module X_PCIE_A1
-- Compiling module X_PCIE_INTERNAL_1_1
-- Compiling module X_PD
-- Compiling module X_PHASER_IN
-- Compiling module X_PHASER_IN_PHY
-- Compiling module X_PHASER_OUT
-- Compiling module X_PHASER_OUT_PHY
-- Compiling module X_PHASER_REF
-- Compiling module X_PHY_CONTROL
-- Compiling module X_PLLE2_ADV
-- Compiling module X_PLL_ADV
-- Compiling module X_PMCD
-- Compiling module X_POST_CRC_INTERNAL
-- Compiling module X_PPC405_ADV
-- Compiling module FPGA_startup_VIRTEX4
-- Compiling module X_PPC440
-- Compiling module X_PS7
-- Compiling module X_PU
-- Compiling module X_RAM32M
-- Compiling module X_RAM64M
-- Compiling module X_RAMB16
-- Compiling module X_RAMB16BWE
-- Compiling module X_RAMB16BWER
-- Compiling module X_RAMB16_S1
-- Compiling module X_RAMB16_S18
-- Compiling module X_RAMB16_S18_S18
-- Compiling module X_RAMB16_S18_S36
-- Compiling module X_RAMB16_S1_S1
-- Compiling module X_RAMB16_S1_S18
-- Compiling module X_RAMB16_S1_S2
-- Compiling module X_RAMB16_S1_S36
-- Compiling module X_RAMB16_S1_S4
-- Compiling module X_RAMB16_S1_S9
-- Compiling module X_RAMB16_S2
-- Compiling module X_RAMB16_S2_S18
-- Compiling module X_RAMB16_S2_S2
-- Compiling module X_RAMB16_S2_S36
-- Compiling module X_RAMB16_S2_S4
-- Compiling module X_RAMB16_S2_S9
-- Compiling module X_RAMB16_S36
-- Compiling module X_RAMB16_S36_S36
-- Compiling module X_RAMB16_S4
-- Compiling module X_RAMB16_S4_S18
-- Compiling module X_RAMB16_S4_S36
-- Compiling module X_RAMB16_S4_S4
-- Compiling module X_RAMB16_S4_S9
-- Compiling module X_RAMB16_S9
-- Compiling module X_RAMB16_S9_S18
-- Compiling module X_RAMB16_S9_S36
-- Compiling module X_RAMB16_S9_S9
-- Compiling module X_RAMB18
-- Compiling module X_RAMB18E1
-- Compiling module X_RB18_INTERNAL_VLOG
-- Compiling module X_RAMB18SDP
-- Compiling module X_RAMB36E1
-- Compiling module X_RB36_INTERNAL_VLOG
-- Compiling module X_RAMB36SDP_EXP
-- Compiling module X_RAMB36_EXP
-- Compiling module X_RAMB4_S1
-- Compiling module X_RAMB4_S16
-- Compiling module X_RAMB4_S16_S16
-- Compiling module X_RAMB4_S1_S1
-- Compiling module X_RAMB4_S1_S16
-- Compiling module X_RAMB4_S1_S2
-- Compiling module X_RAMB4_S1_S4
-- Compiling module X_RAMB4_S1_S8
-- Compiling module X_RAMB4_S2
-- Compiling module X_RAMB4_S2_S16
-- Compiling module X_RAMB4_S2_S2
-- Compiling module X_RAMB4_S2_S4
-- Compiling module X_RAMB4_S2_S8
-- Compiling module X_RAMB4_S4
-- Compiling module X_RAMB4_S4_S16
-- Compiling module X_RAMB4_S4_S4
-- Compiling module X_RAMB4_S4_S8
-- Compiling module X_RAMB4_S8
-- Compiling module X_RAMB4_S8_S16
-- Compiling module X_RAMB4_S8_S8
-- Compiling module X_RAMB8BWER
-- Compiling module X_RAMD128
-- Compiling module X_RAMD16
-- Compiling module X_RAMD32
-- Compiling module X_RAMD64
-- Compiling module X_RAMD64_ADV
-- Compiling module X_RAMS128
-- Compiling module X_RAMS16
-- Compiling module X_RAMS256
-- Compiling module X_RAMS32
-- Compiling module X_RAMS64
-- Compiling module X_RAMS64_ADV
-- Compiling module X_SFF
-- Compiling UDP sffsrce
-- Compiling module X_SIM_CONFIGE2
-- Compiling module X_SIM_CONFIG_S6
-- Compiling module X_SIM_CONFIG_S6_SERIAL
-- Compiling module X_SIM_CONFIG_V5
-- Compiling module X_SIM_CONFIG_V6
-- Compiling module X_SIM_CONFIG_V6_SERIAL
-- Compiling module X_SPI_ACCESS
-- Compiling module X_SRL16E
-- Compiling module X_SRLC16E
-- Compiling module X_SRLC32E
-- Compiling module X_STARTUPE2
-- Compiling module X_STARTUP_FPGACORE
-- Compiling module X_STARTUP_SPARTAN3
-- Compiling module X_STARTUP_SPARTAN3A
-- Compiling module X_STARTUP_SPARTAN3E
-- Compiling module X_STARTUP_SPARTAN6
-- Compiling module X_STARTUP_VIRTEX4
-- Compiling module X_STARTUP_VIRTEX5
-- Compiling module X_STARTUP_VIRTEX6
-- Compiling module X_STARTUP_VIRTEX6_SELF_TIMING
-- Compiling module X_SUH
-- Compiling module X_SUSPEND_SYNC
-- Compiling module X_SYSMON
-- Compiling module X_TEMAC
-- Compiling module X_TEMAC_SINGLE
-- Compiling module X_TRI
-- Compiling module X_UPAD
-- Compiling module X_USR_ACCESSE2
-- Compiling module X_USR_ACCESS_VIRTEX6
-- Compiling module X_XADC
-- Compiling module X_XOR16
-- Compiling module X_XOR2
-- Compiling module X_XOR3
-- Compiling module X_XOR32
-- Compiling module X_XOR4
-- Compiling module X_XOR5
-- Compiling module X_XOR6
-- Compiling module X_XOR7
-- Compiling module X_XOR8
-- Compiling module X_ZERO
-- Compiling module X_ZHOLD_DELAY

Top level modules:
	X_AND16
	X_AND2
	X_AND2B1L
	X_AND3
	X_AND32
	X_AND4
	X_AND5
	X_AND6
	X_AND7
	X_AND8
	X_AND9
	X_AUTOBUF
	X_BPAD
	X_BSCANE2
	X_BSCAN_FPGACORE
	X_BSCAN_SPARTAN3
	X_BSCAN_SPARTAN3A
	X_BSCAN_SPARTAN6
	X_BSCAN_VIRTEX4
	X_BSCAN_VIRTEX5
	X_BSCAN_VIRTEX6
	X_BUF
	X_BUFGCTRL
	X_BUFG_LB
	X_BUFHCE
	X_BUFIO2
	X_BUFIO2FB
	X_BUFIO2_2CLK
	X_BUFIODQS
	X_BUFMRCE
	X_BUFPLL
	X_BUFPLL_MCB
	X_BUFR
	X_CAPTUREE2
	X_CAPTURE_VIRTEX6
	X_CARRY4
	X_CKBUF
	X_CLKDLL
	X_CLKDLLE
	X_CLK_DIV
	X_CRC32
	X_CRC64
	X_DCM
	X_DCM_ADV
	X_DCM_CLKGEN
	X_DCM_SP
	X_DNA_PORT
	X_DSP48
	X_DSP48A
	X_DSP48A1
	X_DSP48E
	X_DSP48E1
	X_EFUSE_USR
	X_EMAC
	X_FDD
	X_FDDRCPE
	X_FDDRRSE
	X_FF
	X_FF_CPLD
	X_FIFO16
	X_FIFO18
	X_FIFO18E1
	X_FIFO18_36
	X_FIFO36E1
	X_FIFO36_72_EXP
	X_FIFO36_EXP
	X_FRAME_ECCE2
	X_FRAME_ECC_VIRTEX6
	X_GT11
	X_GT11CLK
	X_GTHE1_QUAD
	X_GTHE2_CHANNEL
	X_GTHE2_COMMON
	X_GTPA1_DUAL
	X_GTPE2_CHANNEL
	X_GTPE2_COMMON
	X_GTP_DUAL
	X_GTXE1
	X_GTXE2_CHANNEL
	X_GTXE2_COMMON
	X_GTX_DUAL
	X_IBUFDS
	X_IBUFDS_DIFF_OUT_IBUFDISABLE
	X_IBUFDS_DLY_ADJ
	X_IBUFDS_GTE2
	X_IBUFDS_GTHE1
	X_IBUFDS_GTXE1
	X_IBUFDS_IBUFDISABLE
	X_IBUFDS_IBUFDISABLE_TPWRGT
	X_IBUFDS_INTERMDISABLE
	X_IBUFDS_INTERMDISABLE_TPWRGT
	X_IBUF_DLY_ADJ
	X_IBUF_IBUFDISABLE
	X_IBUF_IBUFDISABLE_TPWRGT
	X_IBUF_INTERMDISABLE
	X_IBUF_INTERMDISABLE_TPWRGT
	X_ICAPE2
	X_ICAP_SPARTAN6
	X_ICAP_VIRTEX6
	X_IDDR
	X_IDDR2
	X_IDDR_2CLK
	X_IDELAY
	X_IDELAYCTRL
	X_IDELAYE2
	X_IDELAYE2_FINEDELAY
	X_IN_FIFO
	X_IOBUFDS_DCIEN
	X_IOBUFDS_DIFF_OUT_DCIEN
	X_IOBUF_DCIEN
	X_IODELAY
	X_IODELAY2
	X_IODELAYE1
	X_IODRP2
	X_IODRP2_MCB
	X_IPAD
	X_ISERDES
	X_ISERDES2
	X_ISERDESE1
	X_ISERDESE2
	X_ISERDES_NODELAY
	X_JTAG_SIME2
	X_JTAG_SIM_SPARTAN3A
	X_JTAG_SIM_SPARTAN6
	X_JTAG_SIM_VIRTEX4
	X_JTAG_SIM_VIRTEX5
	X_JTAG_SIM_VIRTEX6
	X_KEEPER
	X_LATCH
	X_LATCHE
	X_LATCH_CPLD
	X_LUT2
	X_LUT3
	X_LUT4
	X_LUT5
	X_LUT6
	X_LUT6_2
	X_LUT7
	X_LUT8
	X_MCB
	X_MMCME2_ADV
	X_MMCM_ADV
	X_MULT18X18
	X_MULT18X18S
	X_MULT18X18SIO
	X_MUX2
	X_OBUF
	X_OBUFDS
	X_OBUFT
	X_OBUFTDS
	X_OBUFTDS_DCIEN
	X_OBUFT_DCIEN
	X_ODDR
	X_ODDR2
	X_ODELAYE2
	X_ODELAYE2_FINEDELAY
	X_ONE
	X_OPAD
	X_OR16
	X_OR2
	X_OR2L
	X_OR3
	X_OR32
	X_OR4
	X_OR5
	X_OR6
	X_OR7
	X_OR8
	X_OR9
	X_OSERDES
	X_OSERDES2
	X_OSERDESE1
	X_OSERDESE2
	X_OUT_FIFO
	X_PCIE_2_0
	X_PCIE_2_1
	X_PCIE_3_0
	X_PCIE_A1
	X_PCIE_INTERNAL_1_1
	X_PD
	X_PHASER_IN
	X_PHASER_IN_PHY
	X_PHASER_OUT
	X_PHASER_OUT_PHY
	X_PHASER_REF
	X_PHY_CONTROL
	X_PLLE2_ADV
	X_PLL_ADV
	X_PMCD
	X_POST_CRC_INTERNAL
	X_PPC405_ADV
	X_PPC440
	X_PS7
	X_PU
	X_RAM32M
	X_RAM64M
	X_RAMB16
	X_RAMB16BWE
	X_RAMB16BWER
	X_RAMB16_S1
	X_RAMB16_S18
	X_RAMB16_S18_S18
	X_RAMB16_S18_S36
	X_RAMB16_S1_S1
	X_RAMB16_S1_S18
	X_RAMB16_S1_S2
	X_RAMB16_S1_S36
	X_RAMB16_S1_S4
	X_RAMB16_S1_S9
	X_RAMB16_S2
	X_RAMB16_S2_S18
	X_RAMB16_S2_S2
	X_RAMB16_S2_S36
	X_RAMB16_S2_S4
	X_RAMB16_S2_S9
	X_RAMB16_S36
	X_RAMB16_S36_S36
	X_RAMB16_S4
	X_RAMB16_S4_S18
	X_RAMB16_S4_S36
	X_RAMB16_S4_S4
	X_RAMB16_S4_S9
	X_RAMB16_S9
	X_RAMB16_S9_S18
	X_RAMB16_S9_S36
	X_RAMB16_S9_S9
	X_RAMB18
	X_RAMB18E1
	X_RAMB18SDP
	X_RAMB36E1
	X_RAMB36SDP_EXP
	X_RAMB36_EXP
	X_RAMB4_S1
	X_RAMB4_S16
	X_RAMB4_S16_S16
	X_RAMB4_S1_S1
	X_RAMB4_S1_S16
	X_RAMB4_S1_S2
	X_RAMB4_S1_S4
	X_RAMB4_S1_S8
	X_RAMB4_S2
	X_RAMB4_S2_S16
	X_RAMB4_S2_S2
	X_RAMB4_S2_S4
	X_RAMB4_S2_S8
	X_RAMB4_S4
	X_RAMB4_S4_S16
	X_RAMB4_S4_S4
	X_RAMB4_S4_S8
	X_RAMB4_S8
	X_RAMB4_S8_S16
	X_RAMB4_S8_S8
	X_RAMB8BWER
	X_RAMD128
	X_RAMD16
	X_RAMD32
	X_RAMD64
	X_RAMD64_ADV
	X_RAMS128
	X_RAMS16
	X_RAMS256
	X_RAMS32
	X_RAMS64
	X_RAMS64_ADV
	X_SFF
	X_SIM_CONFIG_S6_SERIAL
	X_SIM_CONFIG_V5
	X_SIM_CONFIG_V6_SERIAL
	X_SPI_ACCESS
	X_SRL16E
	X_SRLC16E
	X_SRLC32E
	X_STARTUPE2
	X_STARTUP_FPGACORE
	X_STARTUP_SPARTAN3
	X_STARTUP_SPARTAN3A
	X_STARTUP_SPARTAN3E
	X_STARTUP_SPARTAN6
	X_STARTUP_VIRTEX4
	X_STARTUP_VIRTEX5
	X_STARTUP_VIRTEX6
	X_STARTUP_VIRTEX6_SELF_TIMING
	X_SUH
	X_SUSPEND_SYNC
	X_SYSMON
	X_TEMAC
	X_TEMAC_SINGLE
	X_TRI
	X_UPAD
	X_USR_ACCESSE2
	X_USR_ACCESS_VIRTEX6
	X_XADC
	X_XOR16
	X_XOR2
	X_XOR3
	X_XOR32
	X_XOR4
	X_XOR5
	X_XOR6
	X_XOR7
	X_XOR8
	X_ZERO
	X_ZHOLD_DELAY

